#
# A fatal error has been detected by the Java Runtime Environment:
#
#  Internal Error (0xc000000d), pid=7792, tid=9960
#
# JRE version: Java(TM) SE Runtime Environment (8.0_66-b18) (build 1.8.0_66-b18)
# Java VM: Java HotSpot(TM) 64-Bit Server VM (25.66-b18 mixed mode windows-amd64 compressed oops)
# Problematic frame:
# C  [ntdll.dll+0xf60e0]
#
# Failed to write core dump. Minidumps are not enabled by default on client versions of Windows
#
# If you would like to submit a bug report, please visit:
#   http://bugreport.java.com/bugreport/crash.jsp
#

---------------  T H R E A D  ---------------

Current thread (0x0000000013dc7800):  VMThread [stack: 0x0000000014e50000,0x0000000014f50000] [id=9960]

siginfo: ExceptionCode=0xc000000d

Registers:
RAX=0x0000000000000000, RBX=0xfffffffffffffffe, RCX=0x0000000000000000, RDX=0x0000000000000000
RSP=0x0000000014f4f270, RBP=0x00007ffa8f217408, RSI=0x0000000000000000, RDI=0x0000000000000900
R8 =0x0000000000000000, R9 =0x0000000000020000, R10=0x0000000014f4ed50, R11=0x0000000014f4ed50
R12=0x000000000026d390, R13=0x0000000015f79df0, R14=0x000000000026d498, R15=0x0000000014f4f3e8
RIP=0x00007ffa96ac60e0, EFLAGS=0x0000000000000206

Top of Stack: (sp=0x0000000014f4f270)
0x0000000014f4f270:   0000000000000001 fffffffffffffffe
0x0000000014f4f280:   0000000000000000 0000000000000900
0x0000000014f4f290:   00000000c000000d 0000000000000000
0x0000000014f4f2a0:   00007ffa96ac60e0 0000000000000000
0x0000000014f4f2b0:   0000000000000000 0000000000000000
0x0000000014f4f2c0:   0000000000000000 0000000000000000
0x0000000014f4f2d0:   0000000000000000 0000000000000000
0x0000000014f4f2e0:   0000000000000000 0000000000000000
0x0000000014f4f2f0:   0000000000000000 0000000000000000
0x0000000014f4f300:   0000000000000000 0000000000000000
0x0000000014f4f310:   0000000000000000 0000000000000000
0x0000000014f4f320:   0000000000000000 00007ffa969feda7
0x0000000014f4f330:   00001344c8a2072e 0000000000000000
0x0000000014f4f340:   0000000000000050 00007ffa96a89fa3
0x0000000014f4f350:   0000000000000000 0000000000000005
0x0000000014f4f360:   0000000000000040 0000000000000000 

Instructions: (pc=0x00007ffa96ac60e0)
0x00007ffa96ac60c0:   23 fa ff c7 44 24 20 0d 00 00 c0 b9 57 00 00 00
0x00007ffa96ac60d0:   e8 bb 8f f1 ff 90 48 8d 4c 24 20 e8 c0 bd f1 ff
0x00007ffa96ac60e0:   eb 00 48 8b 8c 24 c0 00 00 00 48 33 cc e8 be de
0x00007ffa96ac60f0:   f8 ff 48 81 c4 d8 00 00 00 c3 40 55 48 83 ec 20 


Register to memory mapping:

RAX=0x0000000000000000 is an unknown value
RBX=0xfffffffffffffffe is an unknown value
RCX=0x0000000000000000 is an unknown value
RDX=0x0000000000000000 is an unknown value
RSP=0x0000000014f4f270 is an unknown value
RBP=0x00007ffa8f217408 is an unknown value
RSI=0x0000000000000000 is an unknown value
RDI=0x0000000000000900 is an unknown value
R8 =0x0000000000000000 is an unknown value
R9 =0x0000000000020000 is an unknown value
R10=0x0000000014f4ed50 is an unknown value
R11=0x0000000014f4ed50 is an unknown value
R12=0x000000000026d390 is an unknown value
R13=0x0000000015f79df0 is an unknown value
R14=0x000000000026d498 is an unknown value
R15=0x0000000014f4f3e8 is an unknown value


Stack: [0x0000000014e50000,0x0000000014f50000],  sp=0x0000000014f4f270,  free space=1020k
Native frames: (J=compiled Java code, j=interpreted, Vv=VM code, C=native code)
C  [ntdll.dll+0xf60e0]
C  [ntdll.dll+0xb9fa3]
C  [KERNEL32.DLL+0x228da]
C  [MSVCR110.dll+0x752d]
C  [MSVCR110.dll+0x73c6]
C  [MSVCR110.dll+0x14cca]
C  [MSVCR110.dll+0x13edc]
C  [MSVCR110.dll+0x239e]
C  [MSVCR110.dll+0xaf9e]
C  [MSVCP110.dll+0x397b9]
C  [librdi_common.dll+0x182316]
C  [librdi_common.dll+0x180fab]
C  0x00007ffa83182400
C  0x00007ffa83182682
C  [ntdll.dll+0x23df0]
C  [ntdll.dll+0x444da]
C  [ntdll.dll+0x44374]
C  [KERNEL32.DLL+0x1ef5a]
C  [MSVCR100.dll+0x20ccd]
V  [jvm.dll+0x210cc5]
V  [jvm.dll+0x249897]
V  [jvm.dll+0x248b36]
V  [jvm.dll+0x248fd1]
V  [jvm.dll+0x2491ee]
V  [jvm.dll+0x29a0fa]
C  [MSVCR100.dll+0x21d9f]
C  [MSVCR100.dll+0x21e3b]
C  [KERNEL32.DLL+0x12d92]
C  [ntdll.dll+0x9f64]

VM_Operation (0x000000000014f4c0): Exit, mode: safepoint, requested by thread 0x00000000004de800


---------------  P R O C E S S  ---------------

Java Threads: ( => current thread )
  0x00000000169df000 JavaThread "Spawner Reaper" daemon [_thread_in_native, id=8836, stack(0x0000000023bb0000,0x0000000023cb0000)]
  0x000000001b59a000 JavaThread "pool-2-thread-4" [_thread_blocked, id=15748, stack(0x0000000027ec0000,0x0000000027fc0000)]
  0x00000000169e6800 JavaThread "pool-2-thread-3" [_thread_blocked, id=12432, stack(0x00000000237b0000,0x00000000238b0000)]
  0x00000000169ea800 JavaThread "pool-2-thread-2" [_thread_blocked, id=16944, stack(0x0000000026190000,0x0000000026290000)]
  0x00000000169e3800 JavaThread "pool-2-thread-1" [_thread_blocked, id=7108, stack(0x00000000252a0000,0x00000000253a0000)]
  0x000000001b591800 JavaThread "Thread-28" daemon [_thread_blocked, id=17492, stack(0x000000001c120000,0x000000001c220000)]
  0x000000001b58e000 JavaThread "TCF Channel Transmitter" daemon [_thread_blocked, id=1656, stack(0x0000000024a60000,0x0000000024b60000)]
  0x000000001b590000 JavaThread "TCF Channel Receiver" daemon [_thread_in_native, id=1904, stack(0x0000000024960000,0x0000000024a60000)]
  0x000000001b58e800 JavaThread "Process monitor" daemon [_thread_in_native, id=20132, stack(0x00000000244a0000,0x00000000245a0000)]
  0x00000000169e8000 JavaThread "Input Stream Monitor" daemon [_thread_blocked, id=16844, stack(0x00000000243a0000,0x00000000244a0000)]
  0x00000000169ec000 JavaThread "Output Stream Monitor" daemon [_thread_in_native, id=17428, stack(0x00000000242a0000,0x00000000243a0000)]
  0x00000000169e7800 JavaThread "Output Stream Monitor" daemon [_thread_in_native, id=18968, stack(0x00000000241a0000,0x00000000242a0000)]
  0x00000000169e3000 JavaThread "TCF Locator DNS Lookup" daemon [_thread_blocked, id=13140, stack(0x0000000020940000,0x0000000020a40000)]
  0x00000000169e1800 JavaThread "TCF Locator Timer" daemon [_thread_blocked, id=15556, stack(0x0000000020840000,0x0000000020940000)]
  0x00000000169e4800 JavaThread "TCF Locator Receiver" daemon [_thread_in_native, id=4200, stack(0x0000000020740000,0x0000000020840000)]
  0x0000000016e8f800 JavaThread "TCF Timer Dispatcher" daemon [_thread_blocked, id=15652, stack(0x0000000020540000,0x0000000020640000)]
  0x0000000017520800 JavaThread "EMF Reference Cleaner" daemon [_thread_blocked, id=8508, stack(0x0000000018960000,0x0000000018a60000)]
  0x0000000013e53800 JavaThread "Service Thread" daemon [_thread_blocked, id=140, stack(0x0000000015730000,0x0000000015830000)]
  0x0000000013e0b000 JavaThread "C1 CompilerThread2" daemon [_thread_blocked, id=20156, stack(0x0000000015630000,0x0000000015730000)]
  0x0000000013e04800 JavaThread "C2 CompilerThread1" daemon [_thread_blocked, id=668, stack(0x0000000015530000,0x0000000015630000)]
  0x0000000013dff000 JavaThread "C2 CompilerThread0" daemon [_thread_blocked, id=20196, stack(0x0000000015430000,0x0000000015530000)]
  0x0000000013dfc800 JavaThread "Attach Listener" daemon [_thread_blocked, id=9684, stack(0x0000000015330000,0x0000000015430000)]
  0x0000000013dfb000 JavaThread "Signal Dispatcher" daemon [_thread_blocked, id=19952, stack(0x0000000015230000,0x0000000015330000)]
  0x00000000029d6800 JavaThread "Finalizer" daemon [_thread_blocked, id=12744, stack(0x0000000015050000,0x0000000015150000)]
  0x00000000029ce000 JavaThread "Reference Handler" daemon [_thread_blocked, id=14340, stack(0x0000000014f50000,0x0000000015050000)]
  0x00000000004de800 JavaThread "main" [_thread_blocked, id=18184, stack(0x0000000000050000,0x0000000000150000)]

Other Threads:
=>0x0000000013dc7800 VMThread [stack: 0x0000000014e50000,0x0000000014f50000] [id=9960]

VM state:at safepoint (shutting down)

VM Mutex/Monitor currently owned by a thread:  ([mutex/lock_event])
[0x00000000004dd710] Threads_lock - owner thread: 0x0000000013dc7800

Heap:
 PSYoungGen      total 108032K, used 48492K [0x00000000f5580000, 0x00000000fc000000, 0x0000000100000000)
  eden space 107008K, 45% used [0x00000000f5580000,0x00000000f84db1b8,0x00000000fbe00000)
  from space 1024K, 0% used [0x00000000fbf00000,0x00000000fbf00000,0x00000000fc000000)
  to   space 1024K, 0% used [0x00000000fbe00000,0x00000000fbe00000,0x00000000fbf00000)
 ParOldGen       total 84480K, used 53693K [0x00000000e0000000, 0x00000000e5280000, 0x00000000f5580000)
  object space 84480K, 63% used [0x00000000e0000000,0x00000000e346f4d8,0x00000000e5280000)
 Metaspace       used 92882K, capacity 100076K, committed 100376K, reserved 1136640K
  class space    used 11073K, capacity 13503K, committed 13616K, reserved 1048576K

Card table byte_map: [0x0000000011da0000,0x0000000011eb0000] byte_map_base: 0x00000000116a0000

Marking Bits: (ParMarkBitMap*) 0x000000005fd4a5b0
 Begin Bits: [0x0000000012360000, 0x0000000012b60000)
 End Bits:   [0x0000000012b60000, 0x0000000013360000)

Polling page: 0x00000000004a0000

CodeCache: size=245760Kb used=46773Kb max_used=47267Kb free=198986Kb
 bounds [0x00000000029e0000, 0x0000000005870000, 0x00000000119e0000]
 total_blobs=13374 nmethods=12480 adapters=801
 compilation: enabled

Compilation events (10 events):
Event: 5010.572 Thread 0x0000000013e0b000 15801       3       org.eclipse.osgi.internal.framework.EquinoxContainerAdaptor::invalidateWiring (186 bytes)
Event: 5010.572 Thread 0x0000000013e04800 nmethod 15792 0x000000000376de90 code [0x000000000376dfe0, 0x000000000376e758]
Event: 5010.572 Thread 0x0000000013e04800 15804       4       org.eclipse.osgi.container.ModuleDatabase::readUnlock (11 bytes)
Event: 5010.575 Thread 0x0000000013e0b000 nmethod 15801 0x00000000039748d0 code [0x0000000003974ca0, 0x0000000003977618]
Event: 5010.575 Thread 0x0000000013e0b000 15800       3       sun.misc.Unsafe::getAndSetObject (24 bytes)
Event: 5010.575 Thread 0x0000000013e0b000 nmethod 15800 0x0000000002f46d50 code [0x0000000002f46ec0, 0x0000000002f470d0]
Event: 5010.580 Thread 0x0000000013e04800 nmethod 15804 0x0000000004cd4b10 code [0x0000000004cd4ca0, 0x0000000004cd5090]
Event: 5010.580 Thread 0x0000000013e04800 15805       4       org.eclipse.osgi.container.ModuleDatabase::readLock (11 bytes)
Event: 5010.581 Thread 0x0000000013e04800 nmethod 15805 0x00000000033301d0 code [0x0000000003330320, 0x00000000033303e8]
Event: 5010.601 Thread 0x0000000013dff000 nmethod 15769 0x0000000004c68b90 code [0x0000000004c68f80, 0x0000000004c6cc58]

GC Heap History (10 events):
Event: 4838.865 GC heap before
{Heap before GC invocations=183 (full 81):
 PSYoungGen      total 108032K, used 480K [0x00000000f5580000, 0x00000000fc000000, 0x0000000100000000)
  eden space 107008K, 0% used [0x00000000f5580000,0x00000000f5580000,0x00000000fbe00000)
  from space 1024K, 46% used [0x00000000fbf00000,0x00000000fbf78000,0x00000000fc000000)
  to   space 1024K, 0% used [0x00000000fbe00000,0x00000000fbe00000,0x00000000fbf00000)
 ParOldGen       total 84480K, used 53641K [0x00000000e0000000, 0x00000000e5280000, 0x00000000f5580000)
  object space 84480K, 63% used [0x00000000e0000000,0x00000000e34626e8,0x00000000e5280000)
 Metaspace       used 92091K, capacity 99538K, committed 99992K, reserved 1136640K
  class space    used 10997K, capacity 13372K, committed 13488K, reserved 1048576K
Event: 4838.991 GC heap after
Heap after GC invocations=183 (full 81):
 PSYoungGen      total 108032K, used 0K [0x00000000f5580000, 0x00000000fc000000, 0x0000000100000000)
  eden space 107008K, 0% used [0x00000000f5580000,0x00000000f5580000,0x00000000fbe00000)
  from space 1024K, 0% used [0x00000000fbf00000,0x00000000fbf00000,0x00000000fc000000)
  to   space 1024K, 0% used [0x00000000fbe00000,0x00000000fbe00000,0x00000000fbf00000)
 ParOldGen       total 84480K, used 53828K [0x00000000e0000000, 0x00000000e5280000, 0x00000000f5580000)
  object space 84480K, 63% used [0x00000000e0000000,0x00000000e34911a0,0x00000000e5280000)
 Metaspace       used 92091K, capacity 99538K, committed 99992K, reserved 1136640K
  class space    used 10997K, capacity 13372K, committed 13488K, reserved 1048576K
}
Event: 4898.870 GC heap before
{Heap before GC invocations=184 (full 81):
 PSYoungGen      total 108032K, used 14532K [0x00000000f5580000, 0x00000000fc000000, 0x0000000100000000)
  eden space 107008K, 13% used [0x00000000f5580000,0x00000000f63b1298,0x00000000fbe00000)
  from space 1024K, 0% used [0x00000000fbf00000,0x00000000fbf00000,0x00000000fc000000)
  to   space 1024K, 0% used [0x00000000fbe00000,0x00000000fbe00000,0x00000000fbf00000)
 ParOldGen       total 84480K, used 53828K [0x00000000e0000000, 0x00000000e5280000, 0x00000000f5580000)
  object space 84480K, 63% used [0x00000000e0000000,0x00000000e34911a0,0x00000000e5280000)
 Metaspace       used 92120K, capacity 99538K, committed 99992K, reserved 1136640K
  class space    used 10998K, capacity 13372K, committed 13488K, reserved 1048576K
Event: 4898.874 GC heap after
Heap after GC invocations=184 (full 81):
 PSYoungGen      total 108032K, used 272K [0x00000000f5580000, 0x00000000fc000000, 0x0000000100000000)
  eden space 107008K, 0% used [0x00000000f5580000,0x00000000f5580000,0x00000000fbe00000)
  from space 1024K, 26% used [0x00000000fbe00000,0x00000000fbe44010,0x00000000fbf00000)
  to   space 1024K, 0% used [0x00000000fbf00000,0x00000000fbf00000,0x00000000fc000000)
 ParOldGen       total 84480K, used 53828K [0x00000000e0000000, 0x00000000e5280000, 0x00000000f5580000)
  object space 84480K, 63% used [0x00000000e0000000,0x00000000e34911a0,0x00000000e5280000)
 Metaspace       used 92120K, capacity 99538K, committed 99992K, reserved 1136640K
  class space    used 10998K, capacity 13372K, committed 13488K, reserved 1048576K
}
Event: 4898.874 GC heap before
{Heap before GC invocations=185 (full 82):
 PSYoungGen      total 108032K, used 272K [0x00000000f5580000, 0x00000000fc000000, 0x0000000100000000)
  eden space 107008K, 0% used [0x00000000f5580000,0x00000000f5580000,0x00000000fbe00000)
  from space 1024K, 26% used [0x00000000fbe00000,0x00000000fbe44010,0x00000000fbf00000)
  to   space 1024K, 0% used [0x00000000fbf00000,0x00000000fbf00000,0x00000000fc000000)
 ParOldGen       total 84480K, used 53828K [0x00000000e0000000, 0x00000000e5280000, 0x00000000f5580000)
  object space 84480K, 63% used [0x00000000e0000000,0x00000000e34911a0,0x00000000e5280000)
 Metaspace       used 92120K, capacity 99538K, committed 99992K, reserved 1136640K
  class space    used 10998K, capacity 13372K, committed 13488K, reserved 1048576K
Event: 4899.161 GC heap after
Heap after GC invocations=185 (full 82):
 PSYoungGen      total 108032K, used 0K [0x00000000f5580000, 0x00000000fc000000, 0x0000000100000000)
  eden space 107008K, 0% used [0x00000000f5580000,0x00000000f5580000,0x00000000fbe00000)
  from space 1024K, 0% used [0x00000000fbe00000,0x00000000fbe00000,0x00000000fbf00000)
  to   space 1024K, 0% used [0x00000000fbf00000,0x00000000fbf00000,0x00000000fc000000)
 ParOldGen       total 84480K, used 53705K [0x00000000e0000000, 0x00000000e5280000, 0x00000000f5580000)
  object space 84480K, 63% used [0x00000000e0000000,0x00000000e3472468,0x00000000e5280000)
 Metaspace       used 92120K, capacity 99538K, committed 99992K, reserved 1136640K
  class space    used 10998K, capacity 13372K, committed 13488K, reserved 1048576K
}
Event: 4958.882 GC heap before
{Heap before GC invocations=186 (full 82):
 PSYoungGen      total 108032K, used 2284K [0x00000000f5580000, 0x00000000fc000000, 0x0000000100000000)
  eden space 107008K, 2% used [0x00000000f5580000,0x00000000f57bb140,0x00000000fbe00000)
  from space 1024K, 0% used [0x00000000fbe00000,0x00000000fbe00000,0x00000000fbf00000)
  to   space 1024K, 0% used [0x00000000fbf00000,0x00000000fbf00000,0x00000000fc000000)
 ParOldGen       total 84480K, used 53705K [0x00000000e0000000, 0x00000000e5280000, 0x00000000f5580000)
  object space 84480K, 63% used [0x00000000e0000000,0x00000000e3472468,0x00000000e5280000)
 Metaspace       used 92121K, capacity 99538K, committed 99992K, reserved 1136640K
  class space    used 10998K, capacity 13372K, committed 13488K, reserved 1048576K
Event: 4958.885 GC heap after
Heap after GC invocations=186 (full 82):
 PSYoungGen      total 108032K, used 160K [0x00000000f5580000, 0x00000000fc000000, 0x0000000100000000)
  eden space 107008K, 0% used [0x00000000f5580000,0x00000000f5580000,0x00000000fbe00000)
  from space 1024K, 15% used [0x00000000fbf00000,0x00000000fbf28000,0x00000000fc000000)
  to   space 1024K, 0% used [0x00000000fbe00000,0x00000000fbe00000,0x00000000fbf00000)
 ParOldGen       total 84480K, used 53705K [0x00000000e0000000, 0x00000000e5280000, 0x00000000f5580000)
  object space 84480K, 63% used [0x00000000e0000000,0x00000000e3472468,0x00000000e5280000)
 Metaspace       used 92121K, capacity 99538K, committed 99992K, reserved 1136640K
  class space    used 10998K, capacity 13372K, committed 13488K, reserved 1048576K
}
Event: 4958.885 GC heap before
{Heap before GC invocations=187 (full 83):
 PSYoungGen      total 108032K, used 160K [0x00000000f5580000, 0x00000000fc000000, 0x0000000100000000)
  eden space 107008K, 0% used [0x00000000f5580000,0x00000000f5580000,0x00000000fbe00000)
  from space 1024K, 15% used [0x00000000fbf00000,0x00000000fbf28000,0x00000000fc000000)
  to   space 1024K, 0% used [0x00000000fbe00000,0x00000000fbe00000,0x00000000fbf00000)
 ParOldGen       total 84480K, used 53705K [0x00000000e0000000, 0x00000000e5280000, 0x00000000f5580000)
  object space 84480K, 63% used [0x00000000e0000000,0x00000000e3472468,0x00000000e5280000)
 Metaspace       used 92121K, capacity 99538K, committed 99992K, reserved 1136640K
  class space    used 10998K, capacity 13372K, committed 13488K, reserved 1048576K
Event: 4959.017 GC heap after
Heap after GC invocations=187 (full 83):
 PSYoungGen      total 108032K, used 0K [0x00000000f5580000, 0x00000000fc000000, 0x0000000100000000)
  eden space 107008K, 0% used [0x00000000f5580000,0x00000000f5580000,0x00000000fbe00000)
  from space 1024K, 0% used [0x00000000fbf00000,0x00000000fbf00000,0x00000000fc000000)
  to   space 1024K, 0% used [0x00000000fbe00000,0x00000000fbe00000,0x00000000fbf00000)
 ParOldGen       total 84480K, used 53693K [0x00000000e0000000, 0x00000000e5280000, 0x00000000f5580000)
  object space 84480K, 63% used [0x00000000e0000000,0x00000000e346f4d8,0x00000000e5280000)
 Metaspace       used 92121K, capacity 99538K, committed 99992K, reserved 1136640K
  class space    used 10998K, capacity 13372K, committed 13488K, reserved 1048576K
}

Deoptimization events (10 events):
Event: 5010.281 Thread 0x00000000169ee000 Uncommon trap: reason=unstable_if action=reinterpret pc=0x00000000036ef8b0 method=org.eclipse.osgi.internal.hooks.EclipseLazyStarter.shouldActivateFor(Ljava/lang/String;Lorg/eclipse/osgi/container/Module;Lorg/eclipse/osgi/container/ModuleRevision;Lorg/ecli∆¥ÈOí≥@
Event: 5010.309 Thread 0x00000000173b3000 Uncommon trap: reason=unstable_if action=reinterpret pc=0x0000000003481d18 method=org.eclipse.osgi.internal.framework.BundleContextImpl.dispatchEvent(Ljava/lang/Object;Ljava/lang/Object;ILjava/lang/Object;)V @ 16
Event: 5010.359 Thread 0x00000000169ee000 Uncommon trap: reason=bimorphic action=maybe_recompile pc=0x0000000004864aac method=java.util.concurrent.CopyOnWriteArrayList.indexOf(Ljava/lang/Object;[Ljava/lang/Object;II)I @ 46
Event: 5010.359 Thread 0x00000000169ee000 Uncommon trap: reason=bimorphic action=maybe_recompile pc=0x0000000004864aac method=java.util.concurrent.CopyOnWriteArrayList.indexOf(Ljava/lang/Object;[Ljava/lang/Object;II)I @ 46
Event: 5010.359 Thread 0x00000000169ee000 Uncommon trap: reason=bimorphic action=maybe_recompile pc=0x0000000004864aac method=java.util.concurrent.CopyOnWriteArrayList.indexOf(Ljava/lang/Object;[Ljava/lang/Object;II)I @ 46
Event: 5010.370 Thread 0x00000000169ee000 Uncommon trap: reason=class_check action=maybe_recompile pc=0x00000000053c8858 method=org.eclipse.core.internal.jobs.DeadlockDetector.lockReleased(Ljava/lang/Thread;Lorg/eclipse/core/runtime/jobs/ISchedulingRule;)V @ 169
Event: 5010.492 Thread 0x00000000169eb000 Uncommon trap: reason=unstable_if action=reinterpret pc=0x00000000050cda20 method=org.eclipse.core.internal.jobs.JobManager.nextJob()Lorg/eclipse/core/runtime/jobs/Job; @ 80
Event: 5010.496 Thread 0x00000000169ec800 Uncommon trap: reason=unstable_if action=reinterpret pc=0x00000000050cda20 method=org.eclipse.core.internal.jobs.JobManager.nextJob()Lorg/eclipse/core/runtime/jobs/Job; @ 80
Event: 5010.496 Thread 0x00000000169e0000 Uncommon trap: reason=unstable_if action=reinterpret pc=0x00000000050cda20 method=org.eclipse.core.internal.jobs.JobManager.nextJob()Lorg/eclipse/core/runtime/jobs/Job; @ 80
Event: 5010.543 Thread 0x00000000169ee000 Uncommon trap: reason=unstable_if action=reinterpret pc=0x0000000004fe694c method=sun.reflect.UnsafeStaticObjectFieldAccessorImpl.set(Ljava/lang/Object;Ljava/lang/Object;)V @ 13

Internal exceptions (10 events):
Event: 5009.206 Thread 0x00000000004de800 Exception <a 'java/io/FileNotFoundException'> (0x00000000f79deee0) thrown at [C:\re\workspace\8-2-build-windows-amd64-cygwin\jdk8u66\5298\hotspot\src\share\vm\prims\jni.cpp, line 709]
Event: 5009.206 Thread 0x00000000004de800 Exception <a 'java/io/FileNotFoundException'> (0x00000000f79e0d38) thrown at [C:\re\workspace\8-2-build-windows-amd64-cygwin\jdk8u66\5298\hotspot\src\share\vm\prims\jni.cpp, line 709]
Event: 5009.306 Thread 0x00000000004de800 Implicit null exception at 0x000000000301db29 to 0x0000000003020485
Event: 5009.384 Thread 0x000000001b594800 Exception <a 'java/lang/InterruptedException'> (0x00000000f7eae158) thrown at [C:\re\workspace\8-2-build-windows-amd64-cygwin\jdk8u66\5298\hotspot\src\share\vm\runtime\objectMonitor.cpp, line 1683]
Event: 5010.490 Thread 0x0000000016e8c800 Exception <a 'java/lang/InterruptedException'> (0x00000000f7a70308) thrown at [C:\re\workspace\8-2-build-windows-amd64-cygwin\jdk8u66\5298\hotspot\src\share\vm\runtime\objectMonitor.cpp, line 1683]
Event: 5010.543 Thread 0x00000000169ee000 Implicit null exception at 0x0000000004fe664c to 0x0000000004fe6939
Event: 5010.551 Thread 0x00000000173b3000 Exception <a 'java/lang/InterruptedException'> (0x00000000f8247938) thrown at [C:\re\workspace\8-2-build-windows-amd64-cygwin\jdk8u66\5298\hotspot\src\share\vm\runtime\objectMonitor.cpp, line 1683]
Event: 5010.561 Thread 0x0000000016e92800 Exception <a 'java/lang/InterruptedException'> (0x00000000f75510e8) thrown at [C:\re\workspace\8-2-build-windows-amd64-cygwin\jdk8u66\5298\hotspot\src\share\vm\runtime\objectMonitor.cpp, line 1683]
Event: 5010.563 Thread 0x0000000016c9b800 Exception <a 'java/lang/InterruptedException'> (0x00000000f8444798) thrown at [C:\re\workspace\8-2-build-windows-amd64-cygwin\jdk8u66\5298\hotspot\src\share\vm\runtime\objectMonitor.cpp, line 1683]
Event: 5010.628 Thread 0x00000000169e5000 Exception <a 'java/io/IOException'> (0x00000000f84b20b8) thrown at [C:\re\workspace\8-2-build-windows-amd64-cygwin\jdk8u66\5298\hotspot\src\share\vm\prims\jni.cpp, line 709]

Events (10 events):
Event: 5010.628 Executing VM operation: RevokeBias
Event: 5010.628 Executing VM operation: RevokeBias done
Event: 5010.628 Executing VM operation: RevokeBias
Event: 5010.628 Executing VM operation: RevokeBias done
Event: 5010.628 Executing VM operation: RevokeBias
Event: 5010.628 Executing VM operation: RevokeBias done
Event: 5010.628 Executing VM operation: RevokeBias
Event: 5010.628 Executing VM operation: RevokeBias done
Event: 5010.628 Thread 0x00000000169e5000 Thread exited: 0x00000000169e5000
Event: 5010.635 Executing VM operation: Exit


Dynamic libraries:
0x0000000000400000 - 0x000000000044f000 	F:\Xilinx\SDK\2016.2\eclipse\win64.o\eclipse.exe
0x00007ffa969d0000 - 0x00007ffa96b92000 	C:\Windows\SYSTEM32\ntdll.dll
0x00007ffa95a50000 - 0x00007ffa95afd000 	C:\Windows\system32\KERNEL32.DLL
0x00007ffa93e10000 - 0x00007ffa93fed000 	C:\Windows\system32\KERNELBASE.dll
0x00007ffa8f2f0000 - 0x00007ffa8f33b000 	C:\Windows\system32\tmumh\20019\AddOn\6.70.0.1078\TmUmEvt64.dll
0x00007ffa95830000 - 0x00007ffa95838000 	C:\Windows\system32\PSAPI.DLL
0x00007ffa959d0000 - 0x00007ffa95a21000 	C:\Windows\system32\SHLWAPI.dll
0x00007ffa95fc0000 - 0x00007ffa9605d000 	C:\Windows\system32\msvcrt.dll
0x00007ffa96060000 - 0x00007ffa962dc000 	C:\Windows\system32\combase.dll
0x00007ffa958a0000 - 0x00007ffa959c6000 	C:\Windows\system32\RPCRT4.dll
0x00007ffa95c60000 - 0x00007ffa95de5000 	C:\Windows\system32\GDI32.dll
0x00007ffa95b00000 - 0x00007ffa95c4e000 	C:\Windows\system32\USER32.dll
0x00007ffa96440000 - 0x00007ffa964e6000 	C:\Windows\system32\ADVAPI32.dll
0x00007ffa966a0000 - 0x00007ffa966fb000 	C:\Windows\system32\sechost.dll
0x00007ffa8f210000 - 0x00007ffa8f2e4000 	C:\Windows\SYSTEM32\MSVCR110.dll
0x00007ffa8f160000 - 0x00007ffa8f207000 	C:\Windows\SYSTEM32\MSVCP110.dll
0x00007ffa96770000 - 0x00007ffa967a6000 	C:\Windows\system32\IMM32.DLL
0x00007ffa962e0000 - 0x00007ffa9643c000 	C:\Windows\system32\MSCTF.dll
0x0000000063dd0000 - 0x0000000063edf000 	C:\Windows\system32\tmumh\20019\TmMon\1.6.0.1112\tmmon64.dll
0x00007ffa8e770000 - 0x00007ffa8e9e4000 	C:\Windows\WinSxS\amd64_microsoft.windows.common-controls_6595b64144ccf1df_6.0.10240.16384_none_f41f7b285750ef43\COMCTL32.dll
0x0000000072000000 - 0x0000000072012000 	F:\Xilinx\SDK\2016.2\eclipse\win64.o\plugins\org.eclipse.equinox.launcher.win32.win32.x86_64_1.1.300.v20150602-1417\eclipse_1611.dll
0x00007ffa8ea00000 - 0x00007ffa8ea0a000 	C:\Windows\SYSTEM32\VERSION.dll
0x00007ffa91cd0000 - 0x00007ffa91d66000 	C:\Windows\system32\uxtheme.dll
0x00007ffa7cba0000 - 0x00007ffa7cc42000 	C:\Program Files\Common Files\microsoft shared\ink\tiptsf.dll
0x00007ffa968a0000 - 0x00007ffa9695e000 	C:\Windows\system32\OLEAUT32.dll
0x000000005f540000 - 0x000000005fdc9000 	F:\Xilinx\SDK\2016.2\tps\win64\jre\bin\server\jvm.dll
0x00007ffa8f050000 - 0x00007ffa8f059000 	C:\Windows\SYSTEM32\WSOCK32.dll
0x0000000002870000 - 0x00000000028d9000 	C:\Windows\system32\WS2_32.dll
0x00007ffa96890000 - 0x00007ffa96898000 	C:\Windows\system32\NSI.dll
0x00007ffa91a50000 - 0x00007ffa91a73000 	C:\Windows\SYSTEM32\WINMM.dll
0x0000000060380000 - 0x0000000060452000 	C:\Windows\SYSTEM32\MSVCR100.dll
0x00007ffa919f0000 - 0x00007ffa91a1c000 	C:\Windows\SYSTEM32\WINMMBASE.dll
0x00007ffa93670000 - 0x00007ffa936b4000 	C:\Windows\system32\cfgmgr32.dll
0x00007ffa91d70000 - 0x00007ffa91d97000 	C:\Windows\SYSTEM32\DEVOBJ.dll
0x000000005f400000 - 0x000000005f40f000 	F:\Xilinx\SDK\2016.2\tps\win64\jre\bin\verify.dll
0x000000005f3d0000 - 0x000000005f3f9000 	F:\Xilinx\SDK\2016.2\tps\win64\jre\bin\java.dll
0x000000005f3b0000 - 0x000000005f3c6000 	F:\Xilinx\SDK\2016.2\tps\win64\jre\bin\zip.dll
0x00007ffa940a0000 - 0x00007ffa955c3000 	C:\Windows\system32\SHELL32.dll
0x00007ffa936c0000 - 0x00007ffa93ce9000 	C:\Windows\system32\windows.storage.dll
0x00007ffa93470000 - 0x00007ffa9347f000 	C:\Windows\system32\kernel.appcore.dll
0x00007ffa93cf0000 - 0x00007ffa93da3000 	C:\Windows\system32\shcore.dll
0x00007ffa93420000 - 0x00007ffa9346a000 	C:\Windows\system32\powrprof.dll
0x00007ffa93400000 - 0x00007ffa93413000 	C:\Windows\system32\profapi.dll
0x00007ffa92cd0000 - 0x00007ffa92ce7000 	C:\Windows\SYSTEM32\CRYPTSP.dll
0x00007ffa92f40000 - 0x00007ffa92f68000 	C:\Windows\SYSTEM32\bcrypt.dll
0x00007ffa92910000 - 0x00007ffa92943000 	C:\Windows\system32\rsaenh.dll
0x00007ffa92a10000 - 0x00007ffa92a2f000 	C:\Windows\SYSTEM32\USERENV.dll
0x00007ffa93250000 - 0x00007ffa932bb000 	C:\Windows\system32\bcryptprimitives.dll
0x00007ffa92e40000 - 0x00007ffa92e4b000 	C:\Windows\SYSTEM32\CRYPTBASE.dll
0x000000005f390000 - 0x000000005f3aa000 	F:\Xilinx\SDK\2016.2\tps\win64\jre\bin\net.dll
0x00007ffa92c70000 - 0x00007ffa92ccd000 	C:\Windows\system32\mswsock.dll
0x00007ffa8c8e0000 - 0x00007ffa8c918000 	C:\Windows\SYSTEM32\IPHLPAPI.DLL
0x00007ffa8cb60000 - 0x00007ffa8cb6b000 	C:\Windows\SYSTEM32\WINNSI.DLL
0x00007ffa8c440000 - 0x00007ffa8c456000 	C:\Windows\SYSTEM32\dhcpcsvc6.DLL
0x00007ffa8c520000 - 0x00007ffa8c53a000 	C:\Windows\SYSTEM32\dhcpcsvc.DLL
0x000000005f370000 - 0x000000005f381000 	F:\Xilinx\SDK\2016.2\tps\win64\jre\bin\nio.dll
0x00007ffa95780000 - 0x00007ffa95825000 	C:\Windows\system32\clbcatq.dll
0x00007ffa78920000 - 0x00007ffa78a6c000 	C:\Windows\System32\uiautomationcore.dll
0x00007ffa932c0000 - 0x00007ffa93358000 	C:\Windows\SYSTEM32\sxs.dll
0x00007ffa8e4a0000 - 0x00007ffa8e509000 	C:\Windows\System32\OLEACC.dll
0x00007ffa84200000 - 0x00007ffa84215000 	C:\Windows\system32\napinsp.dll
0x00007ffa84980000 - 0x00007ffa8499a000 	C:\Windows\system32\pnrpnsp.dll
0x00007ffa90d50000 - 0x00007ffa90d68000 	C:\Windows\system32\NLAapi.dll
0x00007ffa92a30000 - 0x00007ffa92ad8000 	C:\Windows\SYSTEM32\DNSAPI.dll
0x00007ffa848a0000 - 0x00007ffa848ad000 	C:\Windows\System32\winrnr.dll
0x0000000062d40000 - 0x0000000062d66000 	C:\Program Files\Bonjour\mdnsNSP.dll
0x00007ffa84540000 - 0x00007ffa84555000 	C:\Windows\system32\wshbth.dll
0x00007ffa84d20000 - 0x00007ffa84d2a000 	C:\Windows\System32\rasadhlp.dll
0x00007ffa8ae90000 - 0x00007ffa8aef8000 	C:\Windows\System32\fwpuclnt.dll
0x00007ffa955d0000 - 0x00007ffa95711000 	C:\Windows\system32\ole32.dll
0x0000000017e70000 - 0x0000000017f18000 	C:\Users\renif\.Xilinx\SDK\2016.2\org.eclipse.osgi\312\0\.cp\swt-win32-4527.dll
0x00007ffa967b0000 - 0x00007ffa96887000 	C:\Windows\system32\comdlg32.dll
0x00007ffa934a0000 - 0x00007ffa93661000 	C:\Windows\system32\CRYPT32.dll
0x00007ffa93480000 - 0x00007ffa93491000 	C:\Windows\system32\MSASN1.dll
0x00007ffa8e410000 - 0x00007ffa8e494000 	C:\Windows\SYSTEM32\WINSPOOL.DRV
0x00007ffa88c50000 - 0x00007ffa88c68000 	C:\Windows\SYSTEM32\USP10.dll
0x00007ffa896e0000 - 0x00007ffa899a1000 	C:\Windows\SYSTEM32\WININET.dll
0x00007ffa91170000 - 0x00007ffa91192000 	C:\Windows\system32\dwmapi.dll
0x00007ffa91300000 - 0x00007ffa91483000 	C:\Windows\SYSTEM32\propsys.dll
0x0000000018460000 - 0x000000001847e000 	C:\Users\renif\.Xilinx\SDK\2016.2\org.eclipse.osgi\312\0\.cp\swt-gdip-win32-4527.dll
0x00007ffa8e5c0000 - 0x00007ffa8e768000 	C:\Windows\WinSxS\amd64_microsoft.windows.gdiplus_6595b64144ccf1df_1.1.10240.16603_none_89ad014f9af1a159\gdiplus.dll
0x00007ffa8def0000 - 0x00007ffa8e0a1000 	C:\Windows\SYSTEM32\WindowsCodecs.dll
0x0000000180000000 - 0x0000000180012000 	C:\Users\renif\.Xilinx\SDK\2016.2\org.eclipse.osgi\126\0\.cp\os\win32\x86_64\localfile_1_0_0.dll
0x00007ffa8e9f0000 - 0x00007ffa8e9f7000 	C:\Windows\SYSTEM32\msimg32.dll
0x00007ffa8b0c0000 - 0x00007ffa8b0d1000 	C:\Users\renif\.Xilinx\SDK\2016.2\org.eclipse.osgi\129\0\.cp\jWinHttp-1.0.0.dll
0x00007ffa8d430000 - 0x00007ffa8d506000 	C:\Windows\SYSTEM32\WINHTTP.dll
0x00007ffa84f10000 - 0x00007ffa84f1f000 	F:\Xilinx\SDK\2016.2\lib\win64.o\librdi_repo_manager.dll
0x00007ffa72c60000 - 0x00007ffa72c8a000 	F:\Xilinx\SDK\2016.2\lib\win64.o\libisl_sysinfo.dll
0x00007ffa54930000 - 0x00007ffa55370000 	F:\Xilinx\SDK\2016.2\lib\win64.o\librdi_common.dll
0x00007ffa6c4e0000 - 0x00007ffa6c534000 	F:\Xilinx\SDK\2016.2\lib\win64.o\librdi_commonxillic.dll
0x00007ffa54730000 - 0x00007ffa54922000 	F:\Xilinx\SDK\2016.2\lib\win64.o\librdi_hsm.dll
0x00007ffa31430000 - 0x00007ffa3179e000 	F:\Xilinx\SDK\2016.2\lib\win64.o\libCOIN-all.dll
0x00007ffa534b0000 - 0x00007ffa536cf000 	F:\Xilinx\SDK\2016.2\lib\win64.o\libXil_lmgr11.dll
0x00007ffa93db0000 - 0x00007ffa93e04000 	C:\Windows\system32\WINTRUST.dll
0x00007ffa847d0000 - 0x00007ffa847e0000 	F:\Xilinx\SDK\2016.2\lib\win64.o\libboost_date_time.dll
0x00007ffa6cb40000 - 0x00007ffa6cb64000 	F:\Xilinx\SDK\2016.2\lib\win64.o\libboost_filesystem.dll
0x00007ffa63c90000 - 0x00007ffa63d07000 	F:\Xilinx\SDK\2016.2\lib\win64.o\libboost_program_options.dll
0x00007ffa617b0000 - 0x00007ffa618b6000 	F:\Xilinx\SDK\2016.2\lib\win64.o\libboost_regex.dll
0x00007ffa81290000 - 0x00007ffa812a3000 	F:\Xilinx\SDK\2016.2\lib\win64.o\libboost_signals.dll
0x00007ffa832d0000 - 0x00007ffa832d9000 	F:\Xilinx\SDK\2016.2\lib\win64.o\libboost_system.dll
0x00007ffa7ece0000 - 0x00007ffa7ecfd000 	F:\Xilinx\SDK\2016.2\lib\win64.o\libboost_thread.dll
0x00007ffa7f970000 - 0x00007ffa7f97b000 	F:\Xilinx\SDK\2016.2\lib\win64.o\libboost_xilinx.dll
0x00007ffa61c40000 - 0x00007ffa61cc0000 	F:\Xilinx\SDK\2016.2\lib\win64.o\libhdlpsolve.dll
0x00007ffa5c6f0000 - 0x00007ffa5c78a000 	F:\Xilinx\SDK\2016.2\lib\win64.o\libhdxml.dll
0x00007ffa2dce0000 - 0x00007ffa2e145e00 	F:\Xilinx\SDK\2016.2\lib\win64.o\libisl_iostreams.dll
0x00007ffa7da80000 - 0x00007ffa7da95000 	F:\Xilinx\SDK\2016.2\lib\win64.o\pthreadVC2.dll
0x00007ffa59920000 - 0x00007ffa59a50000 	F:\Xilinx\SDK\2016.2\lib\win64.o\librdi_curl.dll
0x00007ffa7c930000 - 0x00007ffa7c948000 	F:\Xilinx\SDK\2016.2\lib\win64.o\librdiconfig.dll
0x00007ffa6c4b0000 - 0x00007ffa6c4d3000 	F:\Xilinx\SDK\2016.2\lib\win64.o\librdizlib.dll
0x000000005f410000 - 0x000000005f537000 	F:\Xilinx\SDK\2016.2\lib\win64.o\tcl85t.dll
0x0000000021f30000 - 0x0000000022193000 	F:\Xilinx\SDK\2016.2\lib\win64.o\xerces-c_3_1.dll
0x00007ffa89d30000 - 0x00007ffa89ec7000 	C:\Windows\SYSTEM32\urlmon.dll
0x00007ffa6bf40000 - 0x00007ffa6bf63000 	C:\Windows\SYSTEM32\VCOMP110.DLL
0x00007ffa6bef0000 - 0x00007ffa6bf33000 	F:\Xilinx\SDK\2016.2\lib\win64.o\librdi_hdf.dll
0x00007ffa28740000 - 0x00007ffa289c1000 	F:\Xilinx\SDK\2016.2\lib\win64.o\librdi_ippcw.dll
0x00007ffa851f0000 - 0x00007ffa85207000 	C:\Windows\SYSTEM32\NETAPI32.dll
0x00007ffa7f510000 - 0x00007ffa7f51b000 	F:\Xilinx\SDK\2016.2\lib\win64.o\libboost_chrono.dll
0x00007ffa78840000 - 0x00007ffa78856000 	F:\Xilinx\SDK\2016.2\lib\win64.o\libboost_iostreams.dll
0x00007ffa6c030000 - 0x00007ffa6c053000 	F:\Xilinx\SDK\2016.2\lib\win64.o\libisl_iosutils.dll
0x00007ffa899b0000 - 0x00007ffa89d28000 	C:\Windows\SYSTEM32\iertutil.dll
0x00007ffa8ccb0000 - 0x00007ffa8ccc6000 	C:\Windows\SYSTEM32\wkscli.dll
0x00007ffa92690000 - 0x00007ffa926b6000 	C:\Windows\SYSTEM32\srvcli.dll
0x00007ffa92a00000 - 0x00007ffa92a0c000 	C:\Windows\SYSTEM32\netutils.dll
0x00007ffa80470000 - 0x00007ffa8049f000 	C:\Windows\SYSTEM32\edputil.dll
0x00007ffa8db80000 - 0x00007ffa8dcb1000 	C:\Windows\SYSTEM32\wintypes.dll
0x00007ffa8d1e0000 - 0x00007ffa8d219000 	C:\Windows\SYSTEM32\policymanager.dll
0x00007ffa8d100000 - 0x00007ffa8d192000 	C:\Windows\SYSTEM32\msvcp110_win.dll
0x00007ffa8d1a0000 - 0x00007ffa8d1d6000 	C:\Windows\SYSTEM32\XmlLite.dll

VM Arguments:
jvm_args: -Dcom.xilinx.sdk.args.hwspec=F:/Xilinx/Projects/chacha_trial1/chacha_trial1.sdk/chacha_design_wrapper.hdf -Xms64m -Xmx512m & 
java_command: <unknown>
java_class_path (initial): F:\Xilinx\SDK\2016.2\eclipse\win64.o\\plugins/org.eclipse.equinox.launcher_1.3.100.v20150511-1540.jar
Launcher Type: generic

Environment Variables:
USERNAME=renif
OS=Windows_NT
PROCESSOR_IDENTIFIER=Intel64 Family 6 Model 61 Stepping 4, GenuineIntel



---------------  S Y S T E M  ---------------

OS: Windows 10.0 , 64 bit Build 10240 (10.0.10240.16384)

CPU:total 4 (2 cores per cpu, 2 threads per core) family 6 model 61 stepping 4, cmov, cx8, fxsr, mmx, sse, sse2, sse3, ssse3, sse4.1, sse4.2, popcnt, avx, avx2, aes, clmul, erms, 3dnowpref, lzcnt, ht, tsc, tscinvbit, bmi1, bmi2, adx

Memory: 4k page, physical 8303628k(1814880k free), swap 12045988k(1763036k free)

vm_info: Java HotSpot(TM) 64-Bit Server VM (25.66-b18) for windows-amd64 JRE (1.8.0_66-b18), built on Nov  9 2015 10:51:13 by "java_re" with MS VC++ 10.0 (VS2010)

time: Mon Jul 04 01:24:18 2016
elapsed time: 5077 seconds (0d 1h 24m 37s)

