Copyright 1986-2016 Xilinx, Inc. All Rights Reserved.
-----------------------------------------------------------------------------------------------------------------------------------
| Tool Version : Vivado v.2016.2 (win64) Build 1577090 Thu Jun  2 16:32:40 MDT 2016
| Date         : Thu Oct 20 19:59:37 2016
| Host         : DESKTOP-0GOJOC6 running 64-bit major release  (build 9200)
| Command      : report_utilization -file ed_keygen_trial_v1_0_utilization_synth.rpt -pb ed_keygen_trial_v1_0_utilization_synth.pb
| Design       : ed_keygen_trial_v1_0
| Device       : 7z020clg484-3
| Design State : Synthesized
-----------------------------------------------------------------------------------------------------------------------------------

Utilization Design Information

Table of Contents
-----------------
1. Slice Logic
1.1 Summary of Registers by Type
2. Memory
3. DSP
4. IO and GT Specific
5. Clocking
6. Specific Feature
7. Primitives
8. Black Boxes
9. Instantiated Netlists

1. Slice Logic
--------------

+-------------------------+------+-------+-----------+-------+
|        Site Type        | Used | Fixed | Available | Util% |
+-------------------------+------+-------+-----------+-------+
| Slice LUTs*             | 3717 |     0 |     53200 |  6.99 |
|   LUT as Logic          | 3717 |     0 |     53200 |  6.99 |
|   LUT as Memory         |    0 |     0 |     17400 |  0.00 |
| Slice Registers         | 6019 |     0 |    106400 |  5.66 |
|   Register as Flip Flop | 6014 |     0 |    106400 |  5.65 |
|   Register as Latch     |    5 |     0 |    106400 | <0.01 |
| F7 Muxes                |  274 |     0 |     26600 |  1.03 |
| F8 Muxes                |  128 |     0 |     13300 |  0.96 |
+-------------------------+------+-------+-----------+-------+
* Warning! The Final LUT count, after physical optimizations and full implementation, is typically lower. Run opt_design after synthesis, if not already completed, for a more realistic count.


1.1 Summary of Registers by Type
--------------------------------

+-------+--------------+-------------+--------------+
| Total | Clock Enable | Synchronous | Asynchronous |
+-------+--------------+-------------+--------------+
| 2     |            _ |           - |            - |
| 0     |            _ |           - |          Set |
| 0     |            _ |           - |        Reset |
| 0     |            _ |         Set |            - |
| 0     |            _ |       Reset |            - |
| 0     |          Yes |           - |            - |
| 1     |          Yes |           - |          Set |
| 1082  |          Yes |           - |        Reset |
| 3     |          Yes |         Set |            - |
| 4931  |          Yes |       Reset |            - |
+-------+--------------+-------------+--------------+


2. Memory
---------

+-------------------+------+-------+-----------+-------+
|     Site Type     | Used | Fixed | Available | Util% |
+-------------------+------+-------+-----------+-------+
| Block RAM Tile    |    2 |     0 |       140 |  1.43 |
|   RAMB36/FIFO*    |    2 |     0 |       140 |  1.43 |
|     RAMB36E1 only |    2 |       |           |       |
|   RAMB18          |    0 |     0 |       280 |  0.00 |
+-------------------+------+-------+-----------+-------+
* Note: Each Block RAM Tile only has one FIFO logic available and therefore can accommodate only one FIFO36E1 or one FIFO18E1. However, if a FIFO18E1 occupies a Block RAM Tile, that tile can still accommodate a RAMB18E1


3. DSP
------

+----------------+------+-------+-----------+-------+
|    Site Type   | Used | Fixed | Available | Util% |
+----------------+------+-------+-----------+-------+
| DSPs           |   20 |     0 |       220 |  9.09 |
|   DSP48E1 only |   20 |       |           |       |
+----------------+------+-------+-----------+-------+


4. IO and GT Specific
---------------------

+-----------------------------+------+-------+-----------+-------+
|          Site Type          | Used | Fixed | Available | Util% |
+-----------------------------+------+-------+-----------+-------+
| Bonded IOB                  |   97 |     0 |       200 | 48.50 |
| Bonded IPADs                |    0 |     0 |         2 |  0.00 |
| Bonded IOPADs               |    0 |     0 |       130 |  0.00 |
| PHY_CONTROL                 |    0 |     0 |         4 |  0.00 |
| PHASER_REF                  |    0 |     0 |         4 |  0.00 |
| OUT_FIFO                    |    0 |     0 |        16 |  0.00 |
| IN_FIFO                     |    0 |     0 |        16 |  0.00 |
| IDELAYCTRL                  |    0 |     0 |         4 |  0.00 |
| IBUFDS                      |    0 |     0 |       192 |  0.00 |
| PHASER_OUT/PHASER_OUT_PHY   |    0 |     0 |        16 |  0.00 |
| PHASER_IN/PHASER_IN_PHY     |    0 |     0 |        16 |  0.00 |
| IDELAYE2/IDELAYE2_FINEDELAY |    0 |     0 |       200 |  0.00 |
| ILOGIC                      |    0 |     0 |       200 |  0.00 |
| OLOGIC                      |    0 |     0 |       200 |  0.00 |
+-----------------------------+------+-------+-----------+-------+


5. Clocking
-----------

+------------+------+-------+-----------+-------+
|  Site Type | Used | Fixed | Available | Util% |
+------------+------+-------+-----------+-------+
| BUFGCTRL   |    2 |     0 |        32 |  6.25 |
| BUFIO      |    0 |     0 |        16 |  0.00 |
| MMCME2_ADV |    0 |     0 |         4 |  0.00 |
| PLLE2_ADV  |    0 |     0 |         4 |  0.00 |
| BUFMRCE    |    0 |     0 |         8 |  0.00 |
| BUFHCE     |    0 |     0 |        72 |  0.00 |
| BUFR       |    0 |     0 |        16 |  0.00 |
+------------+------+-------+-----------+-------+


6. Specific Feature
-------------------

+-------------+------+-------+-----------+-------+
|  Site Type  | Used | Fixed | Available | Util% |
+-------------+------+-------+-----------+-------+
| BSCANE2     |    0 |     0 |         4 |  0.00 |
| CAPTUREE2   |    0 |     0 |         1 |  0.00 |
| DNA_PORT    |    0 |     0 |         1 |  0.00 |
| EFUSE_USR   |    0 |     0 |         1 |  0.00 |
| FRAME_ECCE2 |    0 |     0 |         1 |  0.00 |
| ICAPE2      |    0 |     0 |         2 |  0.00 |
| STARTUPE2   |    0 |     0 |         1 |  0.00 |
| XADC        |    0 |     0 |         1 |  0.00 |
+-------------+------+-------+-----------+-------+


7. Primitives
-------------

+----------+------+---------------------+
| Ref Name | Used | Functional Category |
+----------+------+---------------------+
| FDRE     | 4931 |        Flop & Latch |
| LUT6     | 1813 |                 LUT |
| FDCE     | 1079 |        Flop & Latch |
| LUT5     |  923 |                 LUT |
| LUT3     |  853 |                 LUT |
| LUT4     |  601 |                 LUT |
| MUXF7    |  274 |               MuxFx |
| LUT2     |  161 |                 LUT |
| MUXF8    |  128 |               MuxFx |
| IBUF     |   56 |                  IO |
| OBUF     |   41 |                  IO |
| DSP48E1  |   20 |    Block Arithmetic |
| CARRY4   |    8 |          CarryLogic |
| LUT1     |    6 |                 LUT |
| LDCE     |    5 |        Flop & Latch |
| FDSE     |    3 |        Flop & Latch |
| RAMB36E1 |    2 |        Block Memory |
| BUFG     |    2 |               Clock |
| FDPE     |    1 |        Flop & Latch |
+----------+------+---------------------+


8. Black Boxes
--------------

+----------+------+
| Ref Name | Used |
+----------+------+


9. Instantiated Netlists
------------------------

+----------+------+
| Ref Name | Used |
+----------+------+
| MACC     |   15 |
| DPBRAM   |    2 |
| Reduce   |    1 |
| Pre      |    1 |
| Fin      |    1 |
| AddSub   |    1 |
| Acc      |    1 |
+----------+------+


