Release 14.7 - ngc2edif P_INT.20160526 (nt64)
Copyright (c) 1995-2013 Xilinx, Inc.  All rights reserved.
Reading design AddSub.ngc ...
WARNING:NetListWriters:298 - No output is written to AddSub.xncf, ignored.
Processing design ...
   Preping design's networks ...
   Preping design's macros ...
  finished :Prep
Writing EDIF netlist file AddSub.edif ...
ngc2edif: Total memory usage is 84576 kilobytes

Release 14.7 - ngc2edif P_INT.20160526 (nt64)
Copyright (c) 1995-2013 Xilinx, Inc.  All rights reserved.
Reading design Reduce.ngc ...
WARNING:NetListWriters:298 - No output is written to Reduce.xncf, ignored.
Processing design ...
   Preping design's networks ...
   Preping design's macros ...
  finished :Prep
Writing EDIF netlist file Reduce.edif ...
ngc2edif: Total memory usage is 83136 kilobytes

Release 14.7 - ngc2edif P_INT.20160526 (nt64)
Copyright (c) 1995-2013 Xilinx, Inc.  All rights reserved.
Reading design DPBRAM.ngc ...
WARNING:NetListWriters:298 - No output is written to DPBRAM.xncf, ignored.
Processing design ...
   Preping design's networks ...
   Preping design's macros ...
  finished :Prep
Writing EDIF netlist file DPBRAM.edif ...
ngc2edif: Total memory usage is 84096 kilobytes

Release 14.7 - ngc2edif P_INT.20160526 (nt64)
Copyright (c) 1995-2013 Xilinx, Inc.  All rights reserved.
Reading design Acc.ngc ...
WARNING:NetListWriters:298 - No output is written to Acc.xncf, ignored.
Processing design ...
   Preping design's networks ...
   Preping design's macros ...
  finished :Prep
Writing EDIF netlist file Acc.edif ...
ngc2edif: Total memory usage is 83840 kilobytes

Release 14.7 - ngc2edif P_INT.20160526 (nt64)
Copyright (c) 1995-2013 Xilinx, Inc.  All rights reserved.
Reading design Fin.ngc ...
WARNING:NetListWriters:298 - No output is written to Fin.xncf, ignored.
Processing design ...
   Preping design's networks ...
   Preping design's macros ...
  finished :Prep
Writing EDIF netlist file Fin.edif ...
ngc2edif: Total memory usage is 83712 kilobytes

Release 14.7 - ngc2edif P_INT.20160526 (nt64)
Copyright (c) 1995-2013 Xilinx, Inc.  All rights reserved.
Reading design MACC.ngc ...
WARNING:NetListWriters:298 - No output is written to MACC.xncf, ignored.
Processing design ...
   Preping design's networks ...
   Preping design's macros ...
  finished :Prep
Writing EDIF netlist file MACC.edif ...
ngc2edif: Total memory usage is 84096 kilobytes

Release 14.7 - ngc2edif P_INT.20160526 (nt64)
Copyright (c) 1995-2013 Xilinx, Inc.  All rights reserved.
Reading design Pre.ngc ...
WARNING:NetListWriters:298 - No output is written to Pre.xncf, ignored.
Processing design ...
   Preping design's networks ...
   Preping design's macros ...
  finished :Prep
Writing EDIF netlist file Pre.edif ...
ngc2edif: Total memory usage is 83072 kilobytes

