#-----------------------------------------------------------
# Vivado v2016.2 (64-bit)
# SW Build 1577090 on Thu Jun  2 16:32:40 MDT 2016
# IP Build 1577682 on Fri Jun  3 12:00:54 MDT 2016
# Start of session at: Mon Oct 10 23:18:44 2016
# Process ID: 204
# Current directory: F:/Xilinx/Projects/ip_repo/sha512_1.0/sha512_v1_0_project
# Command line: vivado.exe -gui_launcher_event rodinguilauncherevent13088 F:\Xilinx\Projects\ip_repo\sha512_1.0\sha512_v1_0_project\sha512_v1_0_project.xpr
# Log file: F:/Xilinx/Projects/ip_repo/sha512_1.0/sha512_v1_0_project/vivado.log
# Journal file: F:/Xilinx/Projects/ip_repo/sha512_1.0/sha512_v1_0_project\vivado.jou
#-----------------------------------------------------------
start_gui
open_project F:/Xilinx/Projects/ip_repo/sha512_1.0/sha512_v1_0_project/sha512_v1_0_project.xpr
Scanning sources...
Finished scanning sources
INFO: [IP_Flow 19-234] Refreshing IP repositories
INFO: [IP_Flow 19-1700] Loaded user IP repository 'f:/Xilinx/Projects/ip_repo/sha512_1.0'.
WARNING: [IP_Flow 19-3656] If you move the project, the path for repository 'f:/Xilinx/Projects/ip_repo/sha512_1.0' may become invalid. A better location for the repostory would be in a path adjacent to the project. (Current project location is 'f:/Xilinx/Projects/ip_repo/sha512_1.0/sha512_v1_0_project'.)
INFO: [IP_Flow 19-1700] Loaded user IP repository 'f:/Xilinx/Projects/ip_repo/sha3_1.0'.
INFO: [IP_Flow 19-2313] Loaded Vivado IP repository 'F:/Xilinx/Vivado/2016.2/data/ip'.
open_project: Time (s): cpu = 00:00:18 ; elapsed = 00:00:09 . Memory (MB): peak = 776.129 ; gain = 134.852
update_compile_order -fileset sources_1
exit
INFO: [Common 17-206] Exiting Vivado at Mon Oct 10 23:59:07 2016...
