Copyright 1986-2016 Xilinx, Inc. All Rights Reserved.
-------------------------------------------------------------------------------------------------
| Tool Version : Vivado v.2016.2 (win64) Build 1577090 Thu Jun  2 16:32:40 MDT 2016
| Date         : Thu Oct 20 20:01:16 2016
| Host         : DESKTOP-0GOJOC6 running 64-bit major release  (build 9200)
| Command      : report_control_sets -verbose -file ed_keygen_trial_v1_0_control_sets_placed.rpt
| Design       : ed_keygen_trial_v1_0
| Device       : xc7z020
-------------------------------------------------------------------------------------------------

Control Set Information

Table of Contents
-----------------
1. Summary
2. Flip-Flop Distribution
3. Detailed Control Set Information

1. Summary
----------

+----------------------------------------------------------+-------+
|                          Status                          | Count |
+----------------------------------------------------------+-------+
| Number of unique control sets                            |   291 |
| Unused register locations in slices containing registers |   117 |
+----------------------------------------------------------+-------+


2. Flip-Flop Distribution
-------------------------

+--------------+-----------------------+------------------------+-----------------+--------------+
| Clock Enable | Synchronous Set/Reset | Asynchronous Set/Reset | Total Registers | Total Slices |
+--------------+-----------------------+------------------------+-----------------+--------------+
| No           | No                    | No                     |              14 |            6 |
| No           | No                    | Yes                    |              37 |           15 |
| No           | Yes                   | No                     |              29 |           13 |
| Yes          | No                    | No                     |               0 |            0 |
| Yes          | No                    | Yes                    |            1043 |          313 |
| Yes          | Yes                   | No                     |            4896 |         1381 |
+--------------+-----------------------+------------------------+-----------------+--------------+


3. Detailed Control Set Information
-----------------------------------

+--------------------------------------------------------------+-------------------------------------------------------------+------------------------------------------------------+------------------+----------------+
|                         Clock Signal                         |                        Enable Signal                        |                   Set/Reset Signal                   | Slice Load Count | Bel Load Count |
+--------------------------------------------------------------+-------------------------------------------------------------+------------------------------------------------------+------------------+----------------+
|  ed_keygen_trial_v1_0_S00_AXI_inst/resp_flag_reg/G0          |                                                             |                                                      |                1 |              1 |
|  ed_keygen_trial_v1_0_S00_AXI_inst/resp_flag_reg_rep/G0      |                                                             |                                                      |                1 |              1 |
|  ed_keygen_trial_v1_0_S00_AXI_inst/next_state_reg[2]_i_2_n_0 |                                                             |                                                      |                1 |              3 |
|  core_clk_IBUF_BUFG                                          | Core1/AU/Addition/_n_0                                      | Core1/AU/Addition/A_RST                              |                2 |              4 |
|  s00_axi_aclk_IBUF_BUFG                                      |                                                             | ed_keygen_trial_v1_0_S00_AXI_inst/state_r[2]_i_1_n_0 |                4 |              5 |
|  core_clk_IBUF_BUFG                                          | ed_keygen_trial_v1_0_S00_AXI_inst/CMD_r[4]_i_1_n_0          | ed_keygen_trial_v1_0_S00_AXI_inst/state_r[2]_i_1_n_0 |                1 |              5 |
|  core_clk_IBUF_BUFG                                          | Core1/AU/Multiplication/Mul/_n_0                            | Core1/AU/Multiplication/Acc/SR[0]                    |                2 |              5 |
|  core_clk_IBUF_BUFG                                          | Core1/AU/Multiplication/Acc/FSM_sequential_STATE[4]_i_1_n_0 | Core1/AU/Multiplication/Acc/SR[0]                    |                2 |              5 |
|  core_clk_IBUF_BUFG                                          | Core1/AU/FSM_sequential_STATE[5]_i_1_n_0                    | Core1/out[0]                                         |                4 |              6 |
|  s00_axi_aclk_IBUF_BUFG                                      | ed_keygen_trial_v1_0_S00_AXI_inst/slv_reg63[15]_i_1_n_0     | ed_keygen_trial_v1_0_S00_AXI_inst/state_r[2]_i_1_n_0 |                5 |              8 |
|  s00_axi_aclk_IBUF_BUFG                                      | ed_keygen_trial_v1_0_S00_AXI_inst/slv_reg63[23]_i_1_n_0     | ed_keygen_trial_v1_0_S00_AXI_inst/state_r[2]_i_1_n_0 |                7 |              8 |
|  core_clk_IBUF_BUFG                                          |                                                             | Core1/AU/Multiplication/TIMER[7]_i_1_n_0             |                3 |              8 |
|  s00_axi_aclk_IBUF_BUFG                                      | ed_keygen_trial_v1_0_S00_AXI_inst/slv_reg63[31]_i_1_n_0     | ed_keygen_trial_v1_0_S00_AXI_inst/state_r[2]_i_1_n_0 |                6 |              8 |
|  s00_axi_aclk_IBUF_BUFG                                      | ed_keygen_trial_v1_0_S00_AXI_inst/slv_reg63[7]_i_1_n_0      | ed_keygen_trial_v1_0_S00_AXI_inst/state_r[2]_i_1_n_0 |                5 |              8 |
|  s00_axi_aclk_IBUF_BUFG                                      | ed_keygen_trial_v1_0_S00_AXI_inst/slv_reg6[15]_i_1_n_0      | ed_keygen_trial_v1_0_S00_AXI_inst/state_r[2]_i_1_n_0 |                3 |              8 |
|  s00_axi_aclk_IBUF_BUFG                                      | ed_keygen_trial_v1_0_S00_AXI_inst/slv_reg6[23]_i_1_n_0      | ed_keygen_trial_v1_0_S00_AXI_inst/state_r[2]_i_1_n_0 |                4 |              8 |
|  s00_axi_aclk_IBUF_BUFG                                      | ed_keygen_trial_v1_0_S00_AXI_inst/slv_reg6[31]_i_1_n_0      | ed_keygen_trial_v1_0_S00_AXI_inst/state_r[2]_i_1_n_0 |                3 |              8 |
|  s00_axi_aclk_IBUF_BUFG                                      | ed_keygen_trial_v1_0_S00_AXI_inst/slv_reg6[7]_i_1_n_0       | ed_keygen_trial_v1_0_S00_AXI_inst/state_r[2]_i_1_n_0 |                1 |              8 |
|  s00_axi_aclk_IBUF_BUFG                                      | ed_keygen_trial_v1_0_S00_AXI_inst/slv_reg7[15]_i_1_n_0      | ed_keygen_trial_v1_0_S00_AXI_inst/state_r[2]_i_1_n_0 |                2 |              8 |
|  s00_axi_aclk_IBUF_BUFG                                      | ed_keygen_trial_v1_0_S00_AXI_inst/slv_reg7[23]_i_1_n_0      | ed_keygen_trial_v1_0_S00_AXI_inst/state_r[2]_i_1_n_0 |                2 |              8 |
|  s00_axi_aclk_IBUF_BUFG                                      | ed_keygen_trial_v1_0_S00_AXI_inst/slv_reg7[31]_i_1_n_0      | ed_keygen_trial_v1_0_S00_AXI_inst/state_r[2]_i_1_n_0 |                4 |              8 |
|  s00_axi_aclk_IBUF_BUFG                                      | ed_keygen_trial_v1_0_S00_AXI_inst/slv_reg7[7]_i_1_n_0       | ed_keygen_trial_v1_0_S00_AXI_inst/state_r[2]_i_1_n_0 |                1 |              8 |
|  s00_axi_aclk_IBUF_BUFG                                      | ed_keygen_trial_v1_0_S00_AXI_inst/slv_reg8[15]_i_1_n_0      | ed_keygen_trial_v1_0_S00_AXI_inst/state_r[2]_i_1_n_0 |                2 |              8 |
|  s00_axi_aclk_IBUF_BUFG                                      | ed_keygen_trial_v1_0_S00_AXI_inst/slv_reg8[23]_i_1_n_0      | ed_keygen_trial_v1_0_S00_AXI_inst/state_r[2]_i_1_n_0 |                4 |              8 |
|  s00_axi_aclk_IBUF_BUFG                                      | ed_keygen_trial_v1_0_S00_AXI_inst/slv_reg8[31]_i_1_n_0      | ed_keygen_trial_v1_0_S00_AXI_inst/state_r[2]_i_1_n_0 |                2 |              8 |
|  s00_axi_aclk_IBUF_BUFG                                      | ed_keygen_trial_v1_0_S00_AXI_inst/slv_reg8[7]_i_1_n_0       | ed_keygen_trial_v1_0_S00_AXI_inst/state_r[2]_i_1_n_0 |                3 |              8 |
|  s00_axi_aclk_IBUF_BUFG                                      | ed_keygen_trial_v1_0_S00_AXI_inst/slv_reg9[15]_i_1_n_0      | ed_keygen_trial_v1_0_S00_AXI_inst/state_r[2]_i_1_n_0 |                4 |              8 |
|  s00_axi_aclk_IBUF_BUFG                                      | ed_keygen_trial_v1_0_S00_AXI_inst/slv_reg9[23]_i_1_n_0      | ed_keygen_trial_v1_0_S00_AXI_inst/state_r[2]_i_1_n_0 |                2 |              8 |
|  s00_axi_aclk_IBUF_BUFG                                      | ed_keygen_trial_v1_0_S00_AXI_inst/slv_reg9[31]_i_1_n_0      | ed_keygen_trial_v1_0_S00_AXI_inst/state_r[2]_i_1_n_0 |                1 |              8 |
|  s00_axi_aclk_IBUF_BUFG                                      | ed_keygen_trial_v1_0_S00_AXI_inst/slv_reg9[7]_i_1_n_0       | ed_keygen_trial_v1_0_S00_AXI_inst/state_r[2]_i_1_n_0 |                6 |              8 |
|  s00_axi_aclk_IBUF_BUFG                                      | ed_keygen_trial_v1_0_S00_AXI_inst/p_1_in[7]                 | ed_keygen_trial_v1_0_S00_AXI_inst/state_r[2]_i_1_n_0 |                2 |              8 |
|  s00_axi_aclk_IBUF_BUFG                                      | ed_keygen_trial_v1_0_S00_AXI_inst/p_1_in[15]                | ed_keygen_trial_v1_0_S00_AXI_inst/state_r[2]_i_1_n_0 |                1 |              8 |
|  s00_axi_aclk_IBUF_BUFG                                      | ed_keygen_trial_v1_0_S00_AXI_inst/p_1_in[23]                | ed_keygen_trial_v1_0_S00_AXI_inst/state_r[2]_i_1_n_0 |                2 |              8 |
|  s00_axi_aclk_IBUF_BUFG                                      | ed_keygen_trial_v1_0_S00_AXI_inst/p_1_in[31]                | ed_keygen_trial_v1_0_S00_AXI_inst/state_r[2]_i_1_n_0 |                1 |              8 |
|  s00_axi_aclk_IBUF_BUFG                                      | ed_keygen_trial_v1_0_S00_AXI_inst/slv_reg10[15]_i_1_n_0     | ed_keygen_trial_v1_0_S00_AXI_inst/state_r[2]_i_1_n_0 |                1 |              8 |
|  s00_axi_aclk_IBUF_BUFG                                      | ed_keygen_trial_v1_0_S00_AXI_inst/slv_reg10[23]_i_1_n_0     | ed_keygen_trial_v1_0_S00_AXI_inst/state_r[2]_i_1_n_0 |                2 |              8 |
|  s00_axi_aclk_IBUF_BUFG                                      | ed_keygen_trial_v1_0_S00_AXI_inst/slv_reg10[31]_i_1_n_0     | ed_keygen_trial_v1_0_S00_AXI_inst/state_r[2]_i_1_n_0 |                3 |              8 |
|  s00_axi_aclk_IBUF_BUFG                                      | ed_keygen_trial_v1_0_S00_AXI_inst/slv_reg10[7]_i_1_n_0      | ed_keygen_trial_v1_0_S00_AXI_inst/state_r[2]_i_1_n_0 |                2 |              8 |
|  s00_axi_aclk_IBUF_BUFG                                      | ed_keygen_trial_v1_0_S00_AXI_inst/slv_reg11[15]_i_1_n_0     | ed_keygen_trial_v1_0_S00_AXI_inst/state_r[2]_i_1_n_0 |                1 |              8 |
|  s00_axi_aclk_IBUF_BUFG                                      | ed_keygen_trial_v1_0_S00_AXI_inst/slv_reg11[23]_i_1_n_0     | ed_keygen_trial_v1_0_S00_AXI_inst/state_r[2]_i_1_n_0 |                1 |              8 |
|  s00_axi_aclk_IBUF_BUFG                                      | ed_keygen_trial_v1_0_S00_AXI_inst/slv_reg11[31]_i_1_n_0     | ed_keygen_trial_v1_0_S00_AXI_inst/state_r[2]_i_1_n_0 |                3 |              8 |
|  s00_axi_aclk_IBUF_BUFG                                      | ed_keygen_trial_v1_0_S00_AXI_inst/slv_reg11[7]_i_1_n_0      | ed_keygen_trial_v1_0_S00_AXI_inst/state_r[2]_i_1_n_0 |                2 |              8 |
|  s00_axi_aclk_IBUF_BUFG                                      | ed_keygen_trial_v1_0_S00_AXI_inst/slv_reg12[15]_i_1_n_0     | ed_keygen_trial_v1_0_S00_AXI_inst/state_r[2]_i_1_n_0 |                2 |              8 |
|  s00_axi_aclk_IBUF_BUFG                                      | ed_keygen_trial_v1_0_S00_AXI_inst/slv_reg12[23]_i_1_n_0     | ed_keygen_trial_v1_0_S00_AXI_inst/state_r[2]_i_1_n_0 |                1 |              8 |
|  s00_axi_aclk_IBUF_BUFG                                      | ed_keygen_trial_v1_0_S00_AXI_inst/slv_reg12[31]_i_1_n_0     | ed_keygen_trial_v1_0_S00_AXI_inst/state_r[2]_i_1_n_0 |                1 |              8 |
|  s00_axi_aclk_IBUF_BUFG                                      | ed_keygen_trial_v1_0_S00_AXI_inst/slv_reg12[7]_i_1_n_0      | ed_keygen_trial_v1_0_S00_AXI_inst/state_r[2]_i_1_n_0 |                3 |              8 |
|  s00_axi_aclk_IBUF_BUFG                                      | ed_keygen_trial_v1_0_S00_AXI_inst/slv_reg13[15]_i_1_n_0     | ed_keygen_trial_v1_0_S00_AXI_inst/state_r[2]_i_1_n_0 |                1 |              8 |
|  s00_axi_aclk_IBUF_BUFG                                      | ed_keygen_trial_v1_0_S00_AXI_inst/slv_reg13[23]_i_1_n_0     | ed_keygen_trial_v1_0_S00_AXI_inst/state_r[2]_i_1_n_0 |                1 |              8 |
|  s00_axi_aclk_IBUF_BUFG                                      | ed_keygen_trial_v1_0_S00_AXI_inst/slv_reg13[31]_i_1_n_0     | ed_keygen_trial_v1_0_S00_AXI_inst/state_r[2]_i_1_n_0 |                2 |              8 |
|  s00_axi_aclk_IBUF_BUFG                                      | ed_keygen_trial_v1_0_S00_AXI_inst/slv_reg13[7]_i_1_n_0      | ed_keygen_trial_v1_0_S00_AXI_inst/state_r[2]_i_1_n_0 |                2 |              8 |
|  s00_axi_aclk_IBUF_BUFG                                      | ed_keygen_trial_v1_0_S00_AXI_inst/slv_reg14[15]_i_1_n_0     | ed_keygen_trial_v1_0_S00_AXI_inst/state_r[2]_i_1_n_0 |                1 |              8 |
|  s00_axi_aclk_IBUF_BUFG                                      | ed_keygen_trial_v1_0_S00_AXI_inst/slv_reg14[23]_i_1_n_0     | ed_keygen_trial_v1_0_S00_AXI_inst/state_r[2]_i_1_n_0 |                2 |              8 |
|  s00_axi_aclk_IBUF_BUFG                                      | ed_keygen_trial_v1_0_S00_AXI_inst/slv_reg14[31]_i_1_n_0     | ed_keygen_trial_v1_0_S00_AXI_inst/state_r[2]_i_1_n_0 |                1 |              8 |
|  s00_axi_aclk_IBUF_BUFG                                      | ed_keygen_trial_v1_0_S00_AXI_inst/slv_reg14[7]_i_1_n_0      | ed_keygen_trial_v1_0_S00_AXI_inst/state_r[2]_i_1_n_0 |                1 |              8 |
|  s00_axi_aclk_IBUF_BUFG                                      | ed_keygen_trial_v1_0_S00_AXI_inst/slv_reg15[15]_i_1_n_0     | ed_keygen_trial_v1_0_S00_AXI_inst/state_r[2]_i_1_n_0 |                1 |              8 |
|  s00_axi_aclk_IBUF_BUFG                                      | ed_keygen_trial_v1_0_S00_AXI_inst/slv_reg15[23]_i_1_n_0     | ed_keygen_trial_v1_0_S00_AXI_inst/state_r[2]_i_1_n_0 |                2 |              8 |
|  s00_axi_aclk_IBUF_BUFG                                      | ed_keygen_trial_v1_0_S00_AXI_inst/slv_reg15[31]_i_1_n_0     | ed_keygen_trial_v1_0_S00_AXI_inst/state_r[2]_i_1_n_0 |                3 |              8 |
|  s00_axi_aclk_IBUF_BUFG                                      | ed_keygen_trial_v1_0_S00_AXI_inst/slv_reg15[7]_i_1_n_0      | ed_keygen_trial_v1_0_S00_AXI_inst/state_r[2]_i_1_n_0 |                2 |              8 |
|  s00_axi_aclk_IBUF_BUFG                                      | ed_keygen_trial_v1_0_S00_AXI_inst/slv_reg16[15]_i_1_n_0     | ed_keygen_trial_v1_0_S00_AXI_inst/state_r[2]_i_1_n_0 |                2 |              8 |
|  s00_axi_aclk_IBUF_BUFG                                      | ed_keygen_trial_v1_0_S00_AXI_inst/slv_reg16[23]_i_1_n_0     | ed_keygen_trial_v1_0_S00_AXI_inst/state_r[2]_i_1_n_0 |                1 |              8 |
|  s00_axi_aclk_IBUF_BUFG                                      | ed_keygen_trial_v1_0_S00_AXI_inst/slv_reg16[31]_i_1_n_0     | ed_keygen_trial_v1_0_S00_AXI_inst/state_r[2]_i_1_n_0 |                1 |              8 |
|  s00_axi_aclk_IBUF_BUFG                                      | ed_keygen_trial_v1_0_S00_AXI_inst/slv_reg16[7]_i_1_n_0      | ed_keygen_trial_v1_0_S00_AXI_inst/state_r[2]_i_1_n_0 |                1 |              8 |
|  s00_axi_aclk_IBUF_BUFG                                      | ed_keygen_trial_v1_0_S00_AXI_inst/slv_reg17[15]_i_1_n_0     | ed_keygen_trial_v1_0_S00_AXI_inst/state_r[2]_i_1_n_0 |                2 |              8 |
|  s00_axi_aclk_IBUF_BUFG                                      | ed_keygen_trial_v1_0_S00_AXI_inst/slv_reg17[23]_i_1_n_0     | ed_keygen_trial_v1_0_S00_AXI_inst/state_r[2]_i_1_n_0 |                1 |              8 |
|  s00_axi_aclk_IBUF_BUFG                                      | ed_keygen_trial_v1_0_S00_AXI_inst/slv_reg17[31]_i_1_n_0     | ed_keygen_trial_v1_0_S00_AXI_inst/state_r[2]_i_1_n_0 |                1 |              8 |
|  s00_axi_aclk_IBUF_BUFG                                      | ed_keygen_trial_v1_0_S00_AXI_inst/slv_reg17[7]_i_1_n_0      | ed_keygen_trial_v1_0_S00_AXI_inst/state_r[2]_i_1_n_0 |                2 |              8 |
|  s00_axi_aclk_IBUF_BUFG                                      | ed_keygen_trial_v1_0_S00_AXI_inst/slv_reg18[15]_i_1_n_0     | ed_keygen_trial_v1_0_S00_AXI_inst/state_r[2]_i_1_n_0 |                2 |              8 |
|  s00_axi_aclk_IBUF_BUFG                                      | ed_keygen_trial_v1_0_S00_AXI_inst/slv_reg18[23]_i_1_n_0     | ed_keygen_trial_v1_0_S00_AXI_inst/state_r[2]_i_1_n_0 |                1 |              8 |
|  s00_axi_aclk_IBUF_BUFG                                      | ed_keygen_trial_v1_0_S00_AXI_inst/slv_reg18[31]_i_1_n_0     | ed_keygen_trial_v1_0_S00_AXI_inst/state_r[2]_i_1_n_0 |                2 |              8 |
|  s00_axi_aclk_IBUF_BUFG                                      | ed_keygen_trial_v1_0_S00_AXI_inst/slv_reg18[7]_i_1_n_0      | ed_keygen_trial_v1_0_S00_AXI_inst/state_r[2]_i_1_n_0 |                2 |              8 |
|  s00_axi_aclk_IBUF_BUFG                                      | ed_keygen_trial_v1_0_S00_AXI_inst/slv_reg19[15]_i_1_n_0     | ed_keygen_trial_v1_0_S00_AXI_inst/state_r[2]_i_1_n_0 |                1 |              8 |
|  s00_axi_aclk_IBUF_BUFG                                      | ed_keygen_trial_v1_0_S00_AXI_inst/slv_reg19[23]_i_1_n_0     | ed_keygen_trial_v1_0_S00_AXI_inst/state_r[2]_i_1_n_0 |                1 |              8 |
|  s00_axi_aclk_IBUF_BUFG                                      | ed_keygen_trial_v1_0_S00_AXI_inst/slv_reg19[31]_i_1_n_0     | ed_keygen_trial_v1_0_S00_AXI_inst/state_r[2]_i_1_n_0 |                2 |              8 |
|  s00_axi_aclk_IBUF_BUFG                                      | ed_keygen_trial_v1_0_S00_AXI_inst/slv_reg19[7]_i_1_n_0      | ed_keygen_trial_v1_0_S00_AXI_inst/state_r[2]_i_1_n_0 |                2 |              8 |
|  s00_axi_aclk_IBUF_BUFG                                      | ed_keygen_trial_v1_0_S00_AXI_inst/slv_reg1[15]_i_1_n_0      | ed_keygen_trial_v1_0_S00_AXI_inst/state_r[2]_i_1_n_0 |                2 |              8 |
|  s00_axi_aclk_IBUF_BUFG                                      | ed_keygen_trial_v1_0_S00_AXI_inst/slv_reg1[23]_i_1_n_0      | ed_keygen_trial_v1_0_S00_AXI_inst/state_r[2]_i_1_n_0 |                2 |              8 |
|  s00_axi_aclk_IBUF_BUFG                                      | ed_keygen_trial_v1_0_S00_AXI_inst/slv_reg1[31]_i_1_n_0      | ed_keygen_trial_v1_0_S00_AXI_inst/state_r[2]_i_1_n_0 |                2 |              8 |
|  s00_axi_aclk_IBUF_BUFG                                      | ed_keygen_trial_v1_0_S00_AXI_inst/slv_reg1[7]_i_1_n_0       | ed_keygen_trial_v1_0_S00_AXI_inst/state_r[2]_i_1_n_0 |                2 |              8 |
|  s00_axi_aclk_IBUF_BUFG                                      | ed_keygen_trial_v1_0_S00_AXI_inst/slv_reg20[15]_i_1_n_0     | ed_keygen_trial_v1_0_S00_AXI_inst/state_r[2]_i_1_n_0 |                1 |              8 |
|  s00_axi_aclk_IBUF_BUFG                                      | ed_keygen_trial_v1_0_S00_AXI_inst/slv_reg20[23]_i_1_n_0     | ed_keygen_trial_v1_0_S00_AXI_inst/state_r[2]_i_1_n_0 |                1 |              8 |
|  s00_axi_aclk_IBUF_BUFG                                      | ed_keygen_trial_v1_0_S00_AXI_inst/slv_reg20[31]_i_1_n_0     | ed_keygen_trial_v1_0_S00_AXI_inst/state_r[2]_i_1_n_0 |                2 |              8 |
|  s00_axi_aclk_IBUF_BUFG                                      | ed_keygen_trial_v1_0_S00_AXI_inst/slv_reg20[7]_i_1_n_0      | ed_keygen_trial_v1_0_S00_AXI_inst/state_r[2]_i_1_n_0 |                2 |              8 |
|  s00_axi_aclk_IBUF_BUFG                                      | ed_keygen_trial_v1_0_S00_AXI_inst/slv_reg21[15]_i_1_n_0     | ed_keygen_trial_v1_0_S00_AXI_inst/state_r[2]_i_1_n_0 |                4 |              8 |
|  s00_axi_aclk_IBUF_BUFG                                      | ed_keygen_trial_v1_0_S00_AXI_inst/slv_reg21[23]_i_1_n_0     | ed_keygen_trial_v1_0_S00_AXI_inst/state_r[2]_i_1_n_0 |                1 |              8 |
|  s00_axi_aclk_IBUF_BUFG                                      | ed_keygen_trial_v1_0_S00_AXI_inst/slv_reg21[31]_i_1_n_0     | ed_keygen_trial_v1_0_S00_AXI_inst/state_r[2]_i_1_n_0 |                2 |              8 |
|  s00_axi_aclk_IBUF_BUFG                                      | ed_keygen_trial_v1_0_S00_AXI_inst/slv_reg21[7]_i_1_n_0      | ed_keygen_trial_v1_0_S00_AXI_inst/state_r[2]_i_1_n_0 |                1 |              8 |
|  s00_axi_aclk_IBUF_BUFG                                      | ed_keygen_trial_v1_0_S00_AXI_inst/slv_reg22[15]_i_1_n_0     | ed_keygen_trial_v1_0_S00_AXI_inst/state_r[2]_i_1_n_0 |                1 |              8 |
|  s00_axi_aclk_IBUF_BUFG                                      | ed_keygen_trial_v1_0_S00_AXI_inst/slv_reg22[23]_i_1_n_0     | ed_keygen_trial_v1_0_S00_AXI_inst/state_r[2]_i_1_n_0 |                2 |              8 |
|  s00_axi_aclk_IBUF_BUFG                                      | ed_keygen_trial_v1_0_S00_AXI_inst/slv_reg22[31]_i_1_n_0     | ed_keygen_trial_v1_0_S00_AXI_inst/state_r[2]_i_1_n_0 |                2 |              8 |
|  s00_axi_aclk_IBUF_BUFG                                      | ed_keygen_trial_v1_0_S00_AXI_inst/slv_reg22[7]_i_1_n_0      | ed_keygen_trial_v1_0_S00_AXI_inst/state_r[2]_i_1_n_0 |                1 |              8 |
|  s00_axi_aclk_IBUF_BUFG                                      | ed_keygen_trial_v1_0_S00_AXI_inst/slv_reg23[15]_i_1_n_0     | ed_keygen_trial_v1_0_S00_AXI_inst/state_r[2]_i_1_n_0 |                1 |              8 |
|  s00_axi_aclk_IBUF_BUFG                                      | ed_keygen_trial_v1_0_S00_AXI_inst/slv_reg23[23]_i_1_n_0     | ed_keygen_trial_v1_0_S00_AXI_inst/state_r[2]_i_1_n_0 |                2 |              8 |
|  s00_axi_aclk_IBUF_BUFG                                      | ed_keygen_trial_v1_0_S00_AXI_inst/slv_reg23[31]_i_1_n_0     | ed_keygen_trial_v1_0_S00_AXI_inst/state_r[2]_i_1_n_0 |                2 |              8 |
|  s00_axi_aclk_IBUF_BUFG                                      | ed_keygen_trial_v1_0_S00_AXI_inst/slv_reg23[7]_i_1_n_0      | ed_keygen_trial_v1_0_S00_AXI_inst/state_r[2]_i_1_n_0 |                2 |              8 |
|  s00_axi_aclk_IBUF_BUFG                                      | ed_keygen_trial_v1_0_S00_AXI_inst/slv_reg24[15]_i_1_n_0     | ed_keygen_trial_v1_0_S00_AXI_inst/state_r[2]_i_1_n_0 |                1 |              8 |
|  s00_axi_aclk_IBUF_BUFG                                      | ed_keygen_trial_v1_0_S00_AXI_inst/slv_reg24[23]_i_1_n_0     | ed_keygen_trial_v1_0_S00_AXI_inst/state_r[2]_i_1_n_0 |                1 |              8 |
|  s00_axi_aclk_IBUF_BUFG                                      | ed_keygen_trial_v1_0_S00_AXI_inst/slv_reg24[31]_i_1_n_0     | ed_keygen_trial_v1_0_S00_AXI_inst/state_r[2]_i_1_n_0 |                1 |              8 |
|  s00_axi_aclk_IBUF_BUFG                                      | ed_keygen_trial_v1_0_S00_AXI_inst/slv_reg24[7]_i_1_n_0      | ed_keygen_trial_v1_0_S00_AXI_inst/state_r[2]_i_1_n_0 |                2 |              8 |
|  s00_axi_aclk_IBUF_BUFG                                      | ed_keygen_trial_v1_0_S00_AXI_inst/slv_reg25[15]_i_1_n_0     | ed_keygen_trial_v1_0_S00_AXI_inst/state_r[2]_i_1_n_0 |                1 |              8 |
|  s00_axi_aclk_IBUF_BUFG                                      | ed_keygen_trial_v1_0_S00_AXI_inst/slv_reg25[23]_i_1_n_0     | ed_keygen_trial_v1_0_S00_AXI_inst/state_r[2]_i_1_n_0 |                1 |              8 |
|  s00_axi_aclk_IBUF_BUFG                                      | ed_keygen_trial_v1_0_S00_AXI_inst/slv_reg25[31]_i_1_n_0     | ed_keygen_trial_v1_0_S00_AXI_inst/state_r[2]_i_1_n_0 |                1 |              8 |
|  s00_axi_aclk_IBUF_BUFG                                      | ed_keygen_trial_v1_0_S00_AXI_inst/slv_reg25[7]_i_1_n_0      | ed_keygen_trial_v1_0_S00_AXI_inst/state_r[2]_i_1_n_0 |                2 |              8 |
|  s00_axi_aclk_IBUF_BUFG                                      | ed_keygen_trial_v1_0_S00_AXI_inst/slv_reg26[15]_i_1_n_0     | ed_keygen_trial_v1_0_S00_AXI_inst/state_r[2]_i_1_n_0 |                1 |              8 |
|  s00_axi_aclk_IBUF_BUFG                                      | ed_keygen_trial_v1_0_S00_AXI_inst/slv_reg26[23]_i_1_n_0     | ed_keygen_trial_v1_0_S00_AXI_inst/state_r[2]_i_1_n_0 |                2 |              8 |
|  s00_axi_aclk_IBUF_BUFG                                      | ed_keygen_trial_v1_0_S00_AXI_inst/slv_reg26[31]_i_1_n_0     | ed_keygen_trial_v1_0_S00_AXI_inst/state_r[2]_i_1_n_0 |                1 |              8 |
|  s00_axi_aclk_IBUF_BUFG                                      | ed_keygen_trial_v1_0_S00_AXI_inst/slv_reg26[7]_i_1_n_0      | ed_keygen_trial_v1_0_S00_AXI_inst/state_r[2]_i_1_n_0 |                2 |              8 |
|  s00_axi_aclk_IBUF_BUFG                                      | ed_keygen_trial_v1_0_S00_AXI_inst/slv_reg27[15]_i_1_n_0     | ed_keygen_trial_v1_0_S00_AXI_inst/state_r[2]_i_1_n_0 |                3 |              8 |
|  s00_axi_aclk_IBUF_BUFG                                      | ed_keygen_trial_v1_0_S00_AXI_inst/slv_reg27[23]_i_1_n_0     | ed_keygen_trial_v1_0_S00_AXI_inst/state_r[2]_i_1_n_0 |                2 |              8 |
|  s00_axi_aclk_IBUF_BUFG                                      | ed_keygen_trial_v1_0_S00_AXI_inst/slv_reg27[31]_i_1_n_0     | ed_keygen_trial_v1_0_S00_AXI_inst/state_r[2]_i_1_n_0 |                2 |              8 |
|  s00_axi_aclk_IBUF_BUFG                                      | ed_keygen_trial_v1_0_S00_AXI_inst/slv_reg27[7]_i_1_n_0      | ed_keygen_trial_v1_0_S00_AXI_inst/state_r[2]_i_1_n_0 |                1 |              8 |
|  s00_axi_aclk_IBUF_BUFG                                      | ed_keygen_trial_v1_0_S00_AXI_inst/slv_reg28[15]_i_1_n_0     | ed_keygen_trial_v1_0_S00_AXI_inst/state_r[2]_i_1_n_0 |                2 |              8 |
|  s00_axi_aclk_IBUF_BUFG                                      | ed_keygen_trial_v1_0_S00_AXI_inst/slv_reg28[23]_i_1_n_0     | ed_keygen_trial_v1_0_S00_AXI_inst/state_r[2]_i_1_n_0 |                2 |              8 |
|  s00_axi_aclk_IBUF_BUFG                                      | ed_keygen_trial_v1_0_S00_AXI_inst/slv_reg28[31]_i_1_n_0     | ed_keygen_trial_v1_0_S00_AXI_inst/state_r[2]_i_1_n_0 |                2 |              8 |
|  s00_axi_aclk_IBUF_BUFG                                      | ed_keygen_trial_v1_0_S00_AXI_inst/slv_reg28[7]_i_1_n_0      | ed_keygen_trial_v1_0_S00_AXI_inst/state_r[2]_i_1_n_0 |                2 |              8 |
|  s00_axi_aclk_IBUF_BUFG                                      | ed_keygen_trial_v1_0_S00_AXI_inst/slv_reg29[15]_i_1_n_0     | ed_keygen_trial_v1_0_S00_AXI_inst/state_r[2]_i_1_n_0 |                4 |              8 |
|  s00_axi_aclk_IBUF_BUFG                                      | ed_keygen_trial_v1_0_S00_AXI_inst/slv_reg29[23]_i_1_n_0     | ed_keygen_trial_v1_0_S00_AXI_inst/state_r[2]_i_1_n_0 |                3 |              8 |
|  s00_axi_aclk_IBUF_BUFG                                      | ed_keygen_trial_v1_0_S00_AXI_inst/slv_reg29[31]_i_1_n_0     | ed_keygen_trial_v1_0_S00_AXI_inst/state_r[2]_i_1_n_0 |                4 |              8 |
|  s00_axi_aclk_IBUF_BUFG                                      | ed_keygen_trial_v1_0_S00_AXI_inst/slv_reg29[7]_i_1_n_0      | ed_keygen_trial_v1_0_S00_AXI_inst/state_r[2]_i_1_n_0 |                1 |              8 |
|  s00_axi_aclk_IBUF_BUFG                                      | ed_keygen_trial_v1_0_S00_AXI_inst/slv_reg2[15]_i_1_n_0      | ed_keygen_trial_v1_0_S00_AXI_inst/state_r[2]_i_1_n_0 |                3 |              8 |
|  s00_axi_aclk_IBUF_BUFG                                      | ed_keygen_trial_v1_0_S00_AXI_inst/slv_reg2[23]_i_1_n_0      | ed_keygen_trial_v1_0_S00_AXI_inst/state_r[2]_i_1_n_0 |                2 |              8 |
|  s00_axi_aclk_IBUF_BUFG                                      | ed_keygen_trial_v1_0_S00_AXI_inst/slv_reg2[31]_i_1_n_0      | ed_keygen_trial_v1_0_S00_AXI_inst/state_r[2]_i_1_n_0 |                2 |              8 |
|  s00_axi_aclk_IBUF_BUFG                                      | ed_keygen_trial_v1_0_S00_AXI_inst/slv_reg2[7]_i_1_n_0       | ed_keygen_trial_v1_0_S00_AXI_inst/state_r[2]_i_1_n_0 |                2 |              8 |
|  s00_axi_aclk_IBUF_BUFG                                      | ed_keygen_trial_v1_0_S00_AXI_inst/slv_reg30[15]_i_1_n_0     | ed_keygen_trial_v1_0_S00_AXI_inst/state_r[2]_i_1_n_0 |                1 |              8 |
|  s00_axi_aclk_IBUF_BUFG                                      | ed_keygen_trial_v1_0_S00_AXI_inst/slv_reg30[23]_i_1_n_0     | ed_keygen_trial_v1_0_S00_AXI_inst/state_r[2]_i_1_n_0 |                3 |              8 |
|  s00_axi_aclk_IBUF_BUFG                                      | ed_keygen_trial_v1_0_S00_AXI_inst/slv_reg30[31]_i_1_n_0     | ed_keygen_trial_v1_0_S00_AXI_inst/state_r[2]_i_1_n_0 |                2 |              8 |
|  s00_axi_aclk_IBUF_BUFG                                      | ed_keygen_trial_v1_0_S00_AXI_inst/slv_reg30[7]_i_1_n_0      | ed_keygen_trial_v1_0_S00_AXI_inst/state_r[2]_i_1_n_0 |                7 |              8 |
|  s00_axi_aclk_IBUF_BUFG                                      | ed_keygen_trial_v1_0_S00_AXI_inst/slv_reg31[15]_i_1_n_0     | ed_keygen_trial_v1_0_S00_AXI_inst/state_r[2]_i_1_n_0 |                7 |              8 |
|  s00_axi_aclk_IBUF_BUFG                                      | ed_keygen_trial_v1_0_S00_AXI_inst/slv_reg31[23]_i_1_n_0     | ed_keygen_trial_v1_0_S00_AXI_inst/state_r[2]_i_1_n_0 |                6 |              8 |
|  s00_axi_aclk_IBUF_BUFG                                      | ed_keygen_trial_v1_0_S00_AXI_inst/slv_reg31[31]_i_1_n_0     | ed_keygen_trial_v1_0_S00_AXI_inst/state_r[2]_i_1_n_0 |                6 |              8 |
|  s00_axi_aclk_IBUF_BUFG                                      | ed_keygen_trial_v1_0_S00_AXI_inst/slv_reg31[7]_i_1_n_0      | ed_keygen_trial_v1_0_S00_AXI_inst/state_r[2]_i_1_n_0 |                7 |              8 |
|  s00_axi_aclk_IBUF_BUFG                                      | ed_keygen_trial_v1_0_S00_AXI_inst/slv_reg32[15]_i_1_n_0     | ed_keygen_trial_v1_0_S00_AXI_inst/state_r[2]_i_1_n_0 |                2 |              8 |
|  s00_axi_aclk_IBUF_BUFG                                      | ed_keygen_trial_v1_0_S00_AXI_inst/slv_reg32[23]_i_1_n_0     | ed_keygen_trial_v1_0_S00_AXI_inst/state_r[2]_i_1_n_0 |                2 |              8 |
|  s00_axi_aclk_IBUF_BUFG                                      | ed_keygen_trial_v1_0_S00_AXI_inst/slv_reg32[31]_i_1_n_0     | ed_keygen_trial_v1_0_S00_AXI_inst/state_r[2]_i_1_n_0 |                1 |              8 |
|  s00_axi_aclk_IBUF_BUFG                                      | ed_keygen_trial_v1_0_S00_AXI_inst/slv_reg32[7]_i_1_n_0      | ed_keygen_trial_v1_0_S00_AXI_inst/state_r[2]_i_1_n_0 |                1 |              8 |
|  s00_axi_aclk_IBUF_BUFG                                      | ed_keygen_trial_v1_0_S00_AXI_inst/slv_reg33[15]_i_1_n_0     | ed_keygen_trial_v1_0_S00_AXI_inst/state_r[2]_i_1_n_0 |                3 |              8 |
|  s00_axi_aclk_IBUF_BUFG                                      | ed_keygen_trial_v1_0_S00_AXI_inst/slv_reg33[23]_i_1_n_0     | ed_keygen_trial_v1_0_S00_AXI_inst/state_r[2]_i_1_n_0 |                1 |              8 |
|  s00_axi_aclk_IBUF_BUFG                                      | ed_keygen_trial_v1_0_S00_AXI_inst/slv_reg33[31]_i_1_n_0     | ed_keygen_trial_v1_0_S00_AXI_inst/state_r[2]_i_1_n_0 |                3 |              8 |
|  s00_axi_aclk_IBUF_BUFG                                      | ed_keygen_trial_v1_0_S00_AXI_inst/slv_reg33[7]_i_1_n_0      | ed_keygen_trial_v1_0_S00_AXI_inst/state_r[2]_i_1_n_0 |                1 |              8 |
|  s00_axi_aclk_IBUF_BUFG                                      | ed_keygen_trial_v1_0_S00_AXI_inst/slv_reg34[15]_i_1_n_0     | ed_keygen_trial_v1_0_S00_AXI_inst/state_r[2]_i_1_n_0 |                1 |              8 |
|  s00_axi_aclk_IBUF_BUFG                                      | ed_keygen_trial_v1_0_S00_AXI_inst/slv_reg34[23]_i_1_n_0     | ed_keygen_trial_v1_0_S00_AXI_inst/state_r[2]_i_1_n_0 |                3 |              8 |
|  s00_axi_aclk_IBUF_BUFG                                      | ed_keygen_trial_v1_0_S00_AXI_inst/slv_reg34[31]_i_1_n_0     | ed_keygen_trial_v1_0_S00_AXI_inst/state_r[2]_i_1_n_0 |                2 |              8 |
|  s00_axi_aclk_IBUF_BUFG                                      | ed_keygen_trial_v1_0_S00_AXI_inst/slv_reg34[7]_i_1_n_0      | ed_keygen_trial_v1_0_S00_AXI_inst/state_r[2]_i_1_n_0 |                2 |              8 |
|  s00_axi_aclk_IBUF_BUFG                                      | ed_keygen_trial_v1_0_S00_AXI_inst/slv_reg35[15]_i_1_n_0     | ed_keygen_trial_v1_0_S00_AXI_inst/state_r[2]_i_1_n_0 |                3 |              8 |
|  s00_axi_aclk_IBUF_BUFG                                      | ed_keygen_trial_v1_0_S00_AXI_inst/slv_reg35[23]_i_1_n_0     | ed_keygen_trial_v1_0_S00_AXI_inst/state_r[2]_i_1_n_0 |                1 |              8 |
|  s00_axi_aclk_IBUF_BUFG                                      | ed_keygen_trial_v1_0_S00_AXI_inst/slv_reg35[31]_i_1_n_0     | ed_keygen_trial_v1_0_S00_AXI_inst/state_r[2]_i_1_n_0 |                1 |              8 |
|  s00_axi_aclk_IBUF_BUFG                                      | ed_keygen_trial_v1_0_S00_AXI_inst/slv_reg35[7]_i_1_n_0      | ed_keygen_trial_v1_0_S00_AXI_inst/state_r[2]_i_1_n_0 |                2 |              8 |
|  s00_axi_aclk_IBUF_BUFG                                      | ed_keygen_trial_v1_0_S00_AXI_inst/slv_reg36[15]_i_1_n_0     | ed_keygen_trial_v1_0_S00_AXI_inst/state_r[2]_i_1_n_0 |                1 |              8 |
|  s00_axi_aclk_IBUF_BUFG                                      | ed_keygen_trial_v1_0_S00_AXI_inst/slv_reg36[23]_i_1_n_0     | ed_keygen_trial_v1_0_S00_AXI_inst/state_r[2]_i_1_n_0 |                2 |              8 |
|  s00_axi_aclk_IBUF_BUFG                                      | ed_keygen_trial_v1_0_S00_AXI_inst/slv_reg36[31]_i_1_n_0     | ed_keygen_trial_v1_0_S00_AXI_inst/state_r[2]_i_1_n_0 |                4 |              8 |
|  s00_axi_aclk_IBUF_BUFG                                      | ed_keygen_trial_v1_0_S00_AXI_inst/slv_reg36[7]_i_1_n_0      | ed_keygen_trial_v1_0_S00_AXI_inst/state_r[2]_i_1_n_0 |                1 |              8 |
|  s00_axi_aclk_IBUF_BUFG                                      | ed_keygen_trial_v1_0_S00_AXI_inst/slv_reg37[15]_i_1_n_0     | ed_keygen_trial_v1_0_S00_AXI_inst/state_r[2]_i_1_n_0 |                1 |              8 |
|  s00_axi_aclk_IBUF_BUFG                                      | ed_keygen_trial_v1_0_S00_AXI_inst/slv_reg37[23]_i_1_n_0     | ed_keygen_trial_v1_0_S00_AXI_inst/state_r[2]_i_1_n_0 |                2 |              8 |
|  s00_axi_aclk_IBUF_BUFG                                      | ed_keygen_trial_v1_0_S00_AXI_inst/slv_reg37[31]_i_1_n_0     | ed_keygen_trial_v1_0_S00_AXI_inst/state_r[2]_i_1_n_0 |                1 |              8 |
|  s00_axi_aclk_IBUF_BUFG                                      | ed_keygen_trial_v1_0_S00_AXI_inst/slv_reg37[7]_i_1_n_0      | ed_keygen_trial_v1_0_S00_AXI_inst/state_r[2]_i_1_n_0 |                1 |              8 |
|  s00_axi_aclk_IBUF_BUFG                                      | ed_keygen_trial_v1_0_S00_AXI_inst/slv_reg38[15]_i_1_n_0     | ed_keygen_trial_v1_0_S00_AXI_inst/state_r[2]_i_1_n_0 |                3 |              8 |
|  s00_axi_aclk_IBUF_BUFG                                      | ed_keygen_trial_v1_0_S00_AXI_inst/slv_reg38[23]_i_1_n_0     | ed_keygen_trial_v1_0_S00_AXI_inst/state_r[2]_i_1_n_0 |                2 |              8 |
|  s00_axi_aclk_IBUF_BUFG                                      | ed_keygen_trial_v1_0_S00_AXI_inst/slv_reg38[31]_i_1_n_0     | ed_keygen_trial_v1_0_S00_AXI_inst/state_r[2]_i_1_n_0 |                3 |              8 |
|  s00_axi_aclk_IBUF_BUFG                                      | ed_keygen_trial_v1_0_S00_AXI_inst/slv_reg38[7]_i_1_n_0      | ed_keygen_trial_v1_0_S00_AXI_inst/state_r[2]_i_1_n_0 |                2 |              8 |
|  s00_axi_aclk_IBUF_BUFG                                      | ed_keygen_trial_v1_0_S00_AXI_inst/slv_reg39[15]_i_1_n_0     | ed_keygen_trial_v1_0_S00_AXI_inst/state_r[2]_i_1_n_0 |                1 |              8 |
|  s00_axi_aclk_IBUF_BUFG                                      | ed_keygen_trial_v1_0_S00_AXI_inst/slv_reg39[23]_i_1_n_0     | ed_keygen_trial_v1_0_S00_AXI_inst/state_r[2]_i_1_n_0 |                2 |              8 |
|  s00_axi_aclk_IBUF_BUFG                                      | ed_keygen_trial_v1_0_S00_AXI_inst/slv_reg39[31]_i_1_n_0     | ed_keygen_trial_v1_0_S00_AXI_inst/state_r[2]_i_1_n_0 |                2 |              8 |
|  s00_axi_aclk_IBUF_BUFG                                      | ed_keygen_trial_v1_0_S00_AXI_inst/slv_reg39[7]_i_1_n_0      | ed_keygen_trial_v1_0_S00_AXI_inst/state_r[2]_i_1_n_0 |                1 |              8 |
|  s00_axi_aclk_IBUF_BUFG                                      | ed_keygen_trial_v1_0_S00_AXI_inst/slv_reg3[15]_i_1_n_0      | ed_keygen_trial_v1_0_S00_AXI_inst/state_r[2]_i_1_n_0 |                2 |              8 |
|  s00_axi_aclk_IBUF_BUFG                                      | ed_keygen_trial_v1_0_S00_AXI_inst/slv_reg3[23]_i_1_n_0      | ed_keygen_trial_v1_0_S00_AXI_inst/state_r[2]_i_1_n_0 |                3 |              8 |
|  s00_axi_aclk_IBUF_BUFG                                      | ed_keygen_trial_v1_0_S00_AXI_inst/slv_reg3[31]_i_1_n_0      | ed_keygen_trial_v1_0_S00_AXI_inst/state_r[2]_i_1_n_0 |                3 |              8 |
|  s00_axi_aclk_IBUF_BUFG                                      | ed_keygen_trial_v1_0_S00_AXI_inst/slv_reg3[7]_i_1_n_0       | ed_keygen_trial_v1_0_S00_AXI_inst/state_r[2]_i_1_n_0 |                2 |              8 |
|  s00_axi_aclk_IBUF_BUFG                                      | ed_keygen_trial_v1_0_S00_AXI_inst/slv_reg40[15]_i_1_n_0     | ed_keygen_trial_v1_0_S00_AXI_inst/state_r[2]_i_1_n_0 |                1 |              8 |
|  s00_axi_aclk_IBUF_BUFG                                      | ed_keygen_trial_v1_0_S00_AXI_inst/slv_reg40[23]_i_1_n_0     | ed_keygen_trial_v1_0_S00_AXI_inst/state_r[2]_i_1_n_0 |                1 |              8 |
|  s00_axi_aclk_IBUF_BUFG                                      | ed_keygen_trial_v1_0_S00_AXI_inst/slv_reg40[31]_i_1_n_0     | ed_keygen_trial_v1_0_S00_AXI_inst/state_r[2]_i_1_n_0 |                1 |              8 |
|  s00_axi_aclk_IBUF_BUFG                                      | ed_keygen_trial_v1_0_S00_AXI_inst/slv_reg40[7]_i_1_n_0      | ed_keygen_trial_v1_0_S00_AXI_inst/state_r[2]_i_1_n_0 |                4 |              8 |
|  s00_axi_aclk_IBUF_BUFG                                      | ed_keygen_trial_v1_0_S00_AXI_inst/slv_reg41[15]_i_1_n_0     | ed_keygen_trial_v1_0_S00_AXI_inst/state_r[2]_i_1_n_0 |                1 |              8 |
|  s00_axi_aclk_IBUF_BUFG                                      | ed_keygen_trial_v1_0_S00_AXI_inst/slv_reg41[23]_i_1_n_0     | ed_keygen_trial_v1_0_S00_AXI_inst/state_r[2]_i_1_n_0 |                1 |              8 |
|  s00_axi_aclk_IBUF_BUFG                                      | ed_keygen_trial_v1_0_S00_AXI_inst/slv_reg41[31]_i_1_n_0     | ed_keygen_trial_v1_0_S00_AXI_inst/state_r[2]_i_1_n_0 |                2 |              8 |
|  s00_axi_aclk_IBUF_BUFG                                      | ed_keygen_trial_v1_0_S00_AXI_inst/slv_reg41[7]_i_1_n_0      | ed_keygen_trial_v1_0_S00_AXI_inst/state_r[2]_i_1_n_0 |                2 |              8 |
|  s00_axi_aclk_IBUF_BUFG                                      | ed_keygen_trial_v1_0_S00_AXI_inst/slv_reg42[15]_i_1_n_0     | ed_keygen_trial_v1_0_S00_AXI_inst/state_r[2]_i_1_n_0 |                1 |              8 |
|  s00_axi_aclk_IBUF_BUFG                                      | ed_keygen_trial_v1_0_S00_AXI_inst/slv_reg42[23]_i_1_n_0     | ed_keygen_trial_v1_0_S00_AXI_inst/state_r[2]_i_1_n_0 |                3 |              8 |
|  s00_axi_aclk_IBUF_BUFG                                      | ed_keygen_trial_v1_0_S00_AXI_inst/slv_reg42[31]_i_1_n_0     | ed_keygen_trial_v1_0_S00_AXI_inst/state_r[2]_i_1_n_0 |                1 |              8 |
|  s00_axi_aclk_IBUF_BUFG                                      | ed_keygen_trial_v1_0_S00_AXI_inst/slv_reg42[7]_i_1_n_0      | ed_keygen_trial_v1_0_S00_AXI_inst/state_r[2]_i_1_n_0 |                1 |              8 |
|  s00_axi_aclk_IBUF_BUFG                                      | ed_keygen_trial_v1_0_S00_AXI_inst/slv_reg43[15]_i_1_n_0     | ed_keygen_trial_v1_0_S00_AXI_inst/state_r[2]_i_1_n_0 |                2 |              8 |
|  s00_axi_aclk_IBUF_BUFG                                      | ed_keygen_trial_v1_0_S00_AXI_inst/slv_reg43[23]_i_1_n_0     | ed_keygen_trial_v1_0_S00_AXI_inst/state_r[2]_i_1_n_0 |                2 |              8 |
|  s00_axi_aclk_IBUF_BUFG                                      | ed_keygen_trial_v1_0_S00_AXI_inst/slv_reg43[31]_i_1_n_0     | ed_keygen_trial_v1_0_S00_AXI_inst/state_r[2]_i_1_n_0 |                1 |              8 |
|  s00_axi_aclk_IBUF_BUFG                                      | ed_keygen_trial_v1_0_S00_AXI_inst/slv_reg43[7]_i_1_n_0      | ed_keygen_trial_v1_0_S00_AXI_inst/state_r[2]_i_1_n_0 |                1 |              8 |
|  s00_axi_aclk_IBUF_BUFG                                      | ed_keygen_trial_v1_0_S00_AXI_inst/slv_reg44[15]_i_1_n_0     | ed_keygen_trial_v1_0_S00_AXI_inst/state_r[2]_i_1_n_0 |                2 |              8 |
|  s00_axi_aclk_IBUF_BUFG                                      | ed_keygen_trial_v1_0_S00_AXI_inst/slv_reg44[23]_i_1_n_0     | ed_keygen_trial_v1_0_S00_AXI_inst/state_r[2]_i_1_n_0 |                1 |              8 |
|  s00_axi_aclk_IBUF_BUFG                                      | ed_keygen_trial_v1_0_S00_AXI_inst/slv_reg44[31]_i_1_n_0     | ed_keygen_trial_v1_0_S00_AXI_inst/state_r[2]_i_1_n_0 |                6 |              8 |
|  s00_axi_aclk_IBUF_BUFG                                      | ed_keygen_trial_v1_0_S00_AXI_inst/slv_reg44[7]_i_1_n_0      | ed_keygen_trial_v1_0_S00_AXI_inst/state_r[2]_i_1_n_0 |                3 |              8 |
|  s00_axi_aclk_IBUF_BUFG                                      | ed_keygen_trial_v1_0_S00_AXI_inst/slv_reg45[15]_i_1_n_0     | ed_keygen_trial_v1_0_S00_AXI_inst/state_r[2]_i_1_n_0 |                1 |              8 |
|  s00_axi_aclk_IBUF_BUFG                                      | ed_keygen_trial_v1_0_S00_AXI_inst/slv_reg45[23]_i_1_n_0     | ed_keygen_trial_v1_0_S00_AXI_inst/state_r[2]_i_1_n_0 |                1 |              8 |
|  s00_axi_aclk_IBUF_BUFG                                      | ed_keygen_trial_v1_0_S00_AXI_inst/slv_reg45[31]_i_1_n_0     | ed_keygen_trial_v1_0_S00_AXI_inst/state_r[2]_i_1_n_0 |                2 |              8 |
|  s00_axi_aclk_IBUF_BUFG                                      | ed_keygen_trial_v1_0_S00_AXI_inst/slv_reg45[7]_i_1_n_0      | ed_keygen_trial_v1_0_S00_AXI_inst/state_r[2]_i_1_n_0 |                4 |              8 |
|  s00_axi_aclk_IBUF_BUFG                                      | ed_keygen_trial_v1_0_S00_AXI_inst/slv_reg46[15]_i_1_n_0     | ed_keygen_trial_v1_0_S00_AXI_inst/state_r[2]_i_1_n_0 |                6 |              8 |
|  s00_axi_aclk_IBUF_BUFG                                      | ed_keygen_trial_v1_0_S00_AXI_inst/slv_reg46[23]_i_1_n_0     | ed_keygen_trial_v1_0_S00_AXI_inst/state_r[2]_i_1_n_0 |                4 |              8 |
|  s00_axi_aclk_IBUF_BUFG                                      | ed_keygen_trial_v1_0_S00_AXI_inst/slv_reg46[31]_i_1_n_0     | ed_keygen_trial_v1_0_S00_AXI_inst/state_r[2]_i_1_n_0 |                2 |              8 |
|  s00_axi_aclk_IBUF_BUFG                                      | ed_keygen_trial_v1_0_S00_AXI_inst/slv_reg46[7]_i_1_n_0      | ed_keygen_trial_v1_0_S00_AXI_inst/state_r[2]_i_1_n_0 |                6 |              8 |
|  s00_axi_aclk_IBUF_BUFG                                      | ed_keygen_trial_v1_0_S00_AXI_inst/slv_reg47[15]_i_1_n_0     | ed_keygen_trial_v1_0_S00_AXI_inst/state_r[2]_i_1_n_0 |                5 |              8 |
|  s00_axi_aclk_IBUF_BUFG                                      | ed_keygen_trial_v1_0_S00_AXI_inst/slv_reg47[23]_i_1_n_0     | ed_keygen_trial_v1_0_S00_AXI_inst/state_r[2]_i_1_n_0 |                7 |              8 |
|  s00_axi_aclk_IBUF_BUFG                                      | ed_keygen_trial_v1_0_S00_AXI_inst/slv_reg47[31]_i_1_n_0     | ed_keygen_trial_v1_0_S00_AXI_inst/state_r[2]_i_1_n_0 |                5 |              8 |
|  s00_axi_aclk_IBUF_BUFG                                      | ed_keygen_trial_v1_0_S00_AXI_inst/slv_reg47[7]_i_1_n_0      | ed_keygen_trial_v1_0_S00_AXI_inst/state_r[2]_i_1_n_0 |                3 |              8 |
|  s00_axi_aclk_IBUF_BUFG                                      | ed_keygen_trial_v1_0_S00_AXI_inst/slv_reg48[15]_i_1_n_0     | ed_keygen_trial_v1_0_S00_AXI_inst/state_r[2]_i_1_n_0 |                1 |              8 |
|  s00_axi_aclk_IBUF_BUFG                                      | ed_keygen_trial_v1_0_S00_AXI_inst/slv_reg48[23]_i_1_n_0     | ed_keygen_trial_v1_0_S00_AXI_inst/state_r[2]_i_1_n_0 |                2 |              8 |
|  s00_axi_aclk_IBUF_BUFG                                      | ed_keygen_trial_v1_0_S00_AXI_inst/slv_reg48[31]_i_1_n_0     | ed_keygen_trial_v1_0_S00_AXI_inst/state_r[2]_i_1_n_0 |                2 |              8 |
|  s00_axi_aclk_IBUF_BUFG                                      | ed_keygen_trial_v1_0_S00_AXI_inst/slv_reg48[7]_i_1_n_0      | ed_keygen_trial_v1_0_S00_AXI_inst/state_r[2]_i_1_n_0 |                1 |              8 |
|  s00_axi_aclk_IBUF_BUFG                                      | ed_keygen_trial_v1_0_S00_AXI_inst/slv_reg49[15]_i_1_n_0     | ed_keygen_trial_v1_0_S00_AXI_inst/state_r[2]_i_1_n_0 |                3 |              8 |
|  s00_axi_aclk_IBUF_BUFG                                      | ed_keygen_trial_v1_0_S00_AXI_inst/slv_reg49[23]_i_1_n_0     | ed_keygen_trial_v1_0_S00_AXI_inst/state_r[2]_i_1_n_0 |                1 |              8 |
|  s00_axi_aclk_IBUF_BUFG                                      | ed_keygen_trial_v1_0_S00_AXI_inst/slv_reg49[31]_i_1_n_0     | ed_keygen_trial_v1_0_S00_AXI_inst/state_r[2]_i_1_n_0 |                3 |              8 |
|  s00_axi_aclk_IBUF_BUFG                                      | ed_keygen_trial_v1_0_S00_AXI_inst/slv_reg49[7]_i_1_n_0      | ed_keygen_trial_v1_0_S00_AXI_inst/state_r[2]_i_1_n_0 |                1 |              8 |
|  s00_axi_aclk_IBUF_BUFG                                      | ed_keygen_trial_v1_0_S00_AXI_inst/slv_reg4[15]_i_1_n_0      | ed_keygen_trial_v1_0_S00_AXI_inst/state_r[2]_i_1_n_0 |                2 |              8 |
|  s00_axi_aclk_IBUF_BUFG                                      | ed_keygen_trial_v1_0_S00_AXI_inst/slv_reg4[23]_i_1_n_0      | ed_keygen_trial_v1_0_S00_AXI_inst/state_r[2]_i_1_n_0 |                2 |              8 |
|  s00_axi_aclk_IBUF_BUFG                                      | ed_keygen_trial_v1_0_S00_AXI_inst/slv_reg4[31]_i_1_n_0      | ed_keygen_trial_v1_0_S00_AXI_inst/state_r[2]_i_1_n_0 |                4 |              8 |
|  s00_axi_aclk_IBUF_BUFG                                      | ed_keygen_trial_v1_0_S00_AXI_inst/slv_reg4[7]_i_1_n_0       | ed_keygen_trial_v1_0_S00_AXI_inst/state_r[2]_i_1_n_0 |                2 |              8 |
|  s00_axi_aclk_IBUF_BUFG                                      | ed_keygen_trial_v1_0_S00_AXI_inst/slv_reg50[15]_i_1_n_0     | ed_keygen_trial_v1_0_S00_AXI_inst/state_r[2]_i_1_n_0 |                2 |              8 |
|  s00_axi_aclk_IBUF_BUFG                                      | ed_keygen_trial_v1_0_S00_AXI_inst/slv_reg50[23]_i_1_n_0     | ed_keygen_trial_v1_0_S00_AXI_inst/state_r[2]_i_1_n_0 |                1 |              8 |
|  s00_axi_aclk_IBUF_BUFG                                      | ed_keygen_trial_v1_0_S00_AXI_inst/slv_reg50[31]_i_1_n_0     | ed_keygen_trial_v1_0_S00_AXI_inst/state_r[2]_i_1_n_0 |                2 |              8 |
|  s00_axi_aclk_IBUF_BUFG                                      | ed_keygen_trial_v1_0_S00_AXI_inst/slv_reg50[7]_i_1_n_0      | ed_keygen_trial_v1_0_S00_AXI_inst/state_r[2]_i_1_n_0 |                1 |              8 |
|  s00_axi_aclk_IBUF_BUFG                                      | ed_keygen_trial_v1_0_S00_AXI_inst/slv_reg51[15]_i_1_n_0     | ed_keygen_trial_v1_0_S00_AXI_inst/state_r[2]_i_1_n_0 |                2 |              8 |
|  s00_axi_aclk_IBUF_BUFG                                      | ed_keygen_trial_v1_0_S00_AXI_inst/slv_reg51[23]_i_1_n_0     | ed_keygen_trial_v1_0_S00_AXI_inst/state_r[2]_i_1_n_0 |                1 |              8 |
|  s00_axi_aclk_IBUF_BUFG                                      | ed_keygen_trial_v1_0_S00_AXI_inst/slv_reg51[31]_i_1_n_0     | ed_keygen_trial_v1_0_S00_AXI_inst/state_r[2]_i_1_n_0 |                2 |              8 |
|  s00_axi_aclk_IBUF_BUFG                                      | ed_keygen_trial_v1_0_S00_AXI_inst/slv_reg51[7]_i_1_n_0      | ed_keygen_trial_v1_0_S00_AXI_inst/state_r[2]_i_1_n_0 |                1 |              8 |
|  s00_axi_aclk_IBUF_BUFG                                      | ed_keygen_trial_v1_0_S00_AXI_inst/slv_reg52[15]_i_1_n_0     | ed_keygen_trial_v1_0_S00_AXI_inst/state_r[2]_i_1_n_0 |                2 |              8 |
|  s00_axi_aclk_IBUF_BUFG                                      | ed_keygen_trial_v1_0_S00_AXI_inst/slv_reg52[23]_i_1_n_0     | ed_keygen_trial_v1_0_S00_AXI_inst/state_r[2]_i_1_n_0 |                1 |              8 |
|  s00_axi_aclk_IBUF_BUFG                                      | ed_keygen_trial_v1_0_S00_AXI_inst/slv_reg52[31]_i_1_n_0     | ed_keygen_trial_v1_0_S00_AXI_inst/state_r[2]_i_1_n_0 |                1 |              8 |
|  s00_axi_aclk_IBUF_BUFG                                      | ed_keygen_trial_v1_0_S00_AXI_inst/slv_reg52[7]_i_1_n_0      | ed_keygen_trial_v1_0_S00_AXI_inst/state_r[2]_i_1_n_0 |                1 |              8 |
|  s00_axi_aclk_IBUF_BUFG                                      | ed_keygen_trial_v1_0_S00_AXI_inst/slv_reg53[15]_i_1_n_0     | ed_keygen_trial_v1_0_S00_AXI_inst/state_r[2]_i_1_n_0 |                1 |              8 |
|  s00_axi_aclk_IBUF_BUFG                                      | ed_keygen_trial_v1_0_S00_AXI_inst/slv_reg53[23]_i_1_n_0     | ed_keygen_trial_v1_0_S00_AXI_inst/state_r[2]_i_1_n_0 |                1 |              8 |
|  s00_axi_aclk_IBUF_BUFG                                      | ed_keygen_trial_v1_0_S00_AXI_inst/slv_reg53[31]_i_1_n_0     | ed_keygen_trial_v1_0_S00_AXI_inst/state_r[2]_i_1_n_0 |                1 |              8 |
|  s00_axi_aclk_IBUF_BUFG                                      | ed_keygen_trial_v1_0_S00_AXI_inst/slv_reg53[7]_i_1_n_0      | ed_keygen_trial_v1_0_S00_AXI_inst/state_r[2]_i_1_n_0 |                2 |              8 |
|  s00_axi_aclk_IBUF_BUFG                                      | ed_keygen_trial_v1_0_S00_AXI_inst/slv_reg54[15]_i_1_n_0     | ed_keygen_trial_v1_0_S00_AXI_inst/state_r[2]_i_1_n_0 |                2 |              8 |
|  s00_axi_aclk_IBUF_BUFG                                      | ed_keygen_trial_v1_0_S00_AXI_inst/slv_reg54[23]_i_1_n_0     | ed_keygen_trial_v1_0_S00_AXI_inst/state_r[2]_i_1_n_0 |                1 |              8 |
|  s00_axi_aclk_IBUF_BUFG                                      | ed_keygen_trial_v1_0_S00_AXI_inst/slv_reg54[31]_i_1_n_0     | ed_keygen_trial_v1_0_S00_AXI_inst/state_r[2]_i_1_n_0 |                1 |              8 |
|  s00_axi_aclk_IBUF_BUFG                                      | ed_keygen_trial_v1_0_S00_AXI_inst/slv_reg54[7]_i_1_n_0      | ed_keygen_trial_v1_0_S00_AXI_inst/state_r[2]_i_1_n_0 |                2 |              8 |
|  s00_axi_aclk_IBUF_BUFG                                      | ed_keygen_trial_v1_0_S00_AXI_inst/slv_reg55[15]_i_1_n_0     | ed_keygen_trial_v1_0_S00_AXI_inst/state_r[2]_i_1_n_0 |                2 |              8 |
|  s00_axi_aclk_IBUF_BUFG                                      | ed_keygen_trial_v1_0_S00_AXI_inst/slv_reg55[23]_i_1_n_0     | ed_keygen_trial_v1_0_S00_AXI_inst/state_r[2]_i_1_n_0 |                4 |              8 |
|  s00_axi_aclk_IBUF_BUFG                                      | ed_keygen_trial_v1_0_S00_AXI_inst/slv_reg55[31]_i_1_n_0     | ed_keygen_trial_v1_0_S00_AXI_inst/state_r[2]_i_1_n_0 |                4 |              8 |
|  s00_axi_aclk_IBUF_BUFG                                      | ed_keygen_trial_v1_0_S00_AXI_inst/slv_reg55[7]_i_1_n_0      | ed_keygen_trial_v1_0_S00_AXI_inst/state_r[2]_i_1_n_0 |                5 |              8 |
|  s00_axi_aclk_IBUF_BUFG                                      | ed_keygen_trial_v1_0_S00_AXI_inst/slv_reg56[15]_i_1_n_0     | ed_keygen_trial_v1_0_S00_AXI_inst/state_r[2]_i_1_n_0 |                2 |              8 |
|  s00_axi_aclk_IBUF_BUFG                                      | ed_keygen_trial_v1_0_S00_AXI_inst/slv_reg56[23]_i_1_n_0     | ed_keygen_trial_v1_0_S00_AXI_inst/state_r[2]_i_1_n_0 |                1 |              8 |
|  s00_axi_aclk_IBUF_BUFG                                      | ed_keygen_trial_v1_0_S00_AXI_inst/slv_reg56[31]_i_1_n_0     | ed_keygen_trial_v1_0_S00_AXI_inst/state_r[2]_i_1_n_0 |                3 |              8 |
|  s00_axi_aclk_IBUF_BUFG                                      | ed_keygen_trial_v1_0_S00_AXI_inst/slv_reg56[7]_i_1_n_0      | ed_keygen_trial_v1_0_S00_AXI_inst/state_r[2]_i_1_n_0 |                2 |              8 |
|  s00_axi_aclk_IBUF_BUFG                                      | ed_keygen_trial_v1_0_S00_AXI_inst/slv_reg57[15]_i_1_n_0     | ed_keygen_trial_v1_0_S00_AXI_inst/state_r[2]_i_1_n_0 |                2 |              8 |
|  s00_axi_aclk_IBUF_BUFG                                      | ed_keygen_trial_v1_0_S00_AXI_inst/slv_reg57[23]_i_1_n_0     | ed_keygen_trial_v1_0_S00_AXI_inst/state_r[2]_i_1_n_0 |                2 |              8 |
|  s00_axi_aclk_IBUF_BUFG                                      | ed_keygen_trial_v1_0_S00_AXI_inst/slv_reg57[31]_i_1_n_0     | ed_keygen_trial_v1_0_S00_AXI_inst/state_r[2]_i_1_n_0 |                1 |              8 |
|  s00_axi_aclk_IBUF_BUFG                                      | ed_keygen_trial_v1_0_S00_AXI_inst/slv_reg57[7]_i_1_n_0      | ed_keygen_trial_v1_0_S00_AXI_inst/state_r[2]_i_1_n_0 |                2 |              8 |
|  s00_axi_aclk_IBUF_BUFG                                      | ed_keygen_trial_v1_0_S00_AXI_inst/slv_reg58[15]_i_1_n_0     | ed_keygen_trial_v1_0_S00_AXI_inst/state_r[2]_i_1_n_0 |                2 |              8 |
|  s00_axi_aclk_IBUF_BUFG                                      | ed_keygen_trial_v1_0_S00_AXI_inst/slv_reg58[23]_i_1_n_0     | ed_keygen_trial_v1_0_S00_AXI_inst/state_r[2]_i_1_n_0 |                2 |              8 |
|  s00_axi_aclk_IBUF_BUFG                                      | ed_keygen_trial_v1_0_S00_AXI_inst/slv_reg58[31]_i_1_n_0     | ed_keygen_trial_v1_0_S00_AXI_inst/state_r[2]_i_1_n_0 |                3 |              8 |
|  s00_axi_aclk_IBUF_BUFG                                      | ed_keygen_trial_v1_0_S00_AXI_inst/slv_reg58[7]_i_1_n_0      | ed_keygen_trial_v1_0_S00_AXI_inst/state_r[2]_i_1_n_0 |                1 |              8 |
|  s00_axi_aclk_IBUF_BUFG                                      | ed_keygen_trial_v1_0_S00_AXI_inst/slv_reg59[15]_i_1_n_0     | ed_keygen_trial_v1_0_S00_AXI_inst/state_r[2]_i_1_n_0 |                2 |              8 |
|  s00_axi_aclk_IBUF_BUFG                                      | ed_keygen_trial_v1_0_S00_AXI_inst/slv_reg59[23]_i_1_n_0     | ed_keygen_trial_v1_0_S00_AXI_inst/state_r[2]_i_1_n_0 |                3 |              8 |
|  s00_axi_aclk_IBUF_BUFG                                      | ed_keygen_trial_v1_0_S00_AXI_inst/slv_reg59[31]_i_1_n_0     | ed_keygen_trial_v1_0_S00_AXI_inst/state_r[2]_i_1_n_0 |                2 |              8 |
|  s00_axi_aclk_IBUF_BUFG                                      | ed_keygen_trial_v1_0_S00_AXI_inst/slv_reg59[7]_i_1_n_0      | ed_keygen_trial_v1_0_S00_AXI_inst/state_r[2]_i_1_n_0 |                2 |              8 |
|  s00_axi_aclk_IBUF_BUFG                                      | ed_keygen_trial_v1_0_S00_AXI_inst/slv_reg5[15]_i_1_n_0      | ed_keygen_trial_v1_0_S00_AXI_inst/state_r[2]_i_1_n_0 |                6 |              8 |
|  s00_axi_aclk_IBUF_BUFG                                      | ed_keygen_trial_v1_0_S00_AXI_inst/slv_reg5[23]_i_1_n_0      | ed_keygen_trial_v1_0_S00_AXI_inst/state_r[2]_i_1_n_0 |                4 |              8 |
|  s00_axi_aclk_IBUF_BUFG                                      | ed_keygen_trial_v1_0_S00_AXI_inst/slv_reg5[31]_i_1_n_0      | ed_keygen_trial_v1_0_S00_AXI_inst/state_r[2]_i_1_n_0 |                3 |              8 |
|  s00_axi_aclk_IBUF_BUFG                                      | ed_keygen_trial_v1_0_S00_AXI_inst/slv_reg5[7]_i_1_n_0       | ed_keygen_trial_v1_0_S00_AXI_inst/state_r[2]_i_1_n_0 |                5 |              8 |
|  s00_axi_aclk_IBUF_BUFG                                      | ed_keygen_trial_v1_0_S00_AXI_inst/slv_reg60[15]_i_1_n_0     | ed_keygen_trial_v1_0_S00_AXI_inst/state_r[2]_i_1_n_0 |                2 |              8 |
|  s00_axi_aclk_IBUF_BUFG                                      | ed_keygen_trial_v1_0_S00_AXI_inst/slv_reg60[23]_i_1_n_0     | ed_keygen_trial_v1_0_S00_AXI_inst/state_r[2]_i_1_n_0 |                4 |              8 |
|  s00_axi_aclk_IBUF_BUFG                                      | ed_keygen_trial_v1_0_S00_AXI_inst/slv_reg60[31]_i_1_n_0     | ed_keygen_trial_v1_0_S00_AXI_inst/state_r[2]_i_1_n_0 |                2 |              8 |
|  s00_axi_aclk_IBUF_BUFG                                      | ed_keygen_trial_v1_0_S00_AXI_inst/slv_reg60[7]_i_1_n_0      | ed_keygen_trial_v1_0_S00_AXI_inst/state_r[2]_i_1_n_0 |                2 |              8 |
|  s00_axi_aclk_IBUF_BUFG                                      | ed_keygen_trial_v1_0_S00_AXI_inst/slv_reg61[15]_i_1_n_0     | ed_keygen_trial_v1_0_S00_AXI_inst/state_r[2]_i_1_n_0 |                3 |              8 |
|  s00_axi_aclk_IBUF_BUFG                                      | ed_keygen_trial_v1_0_S00_AXI_inst/slv_reg61[23]_i_1_n_0     | ed_keygen_trial_v1_0_S00_AXI_inst/state_r[2]_i_1_n_0 |                3 |              8 |
|  s00_axi_aclk_IBUF_BUFG                                      | ed_keygen_trial_v1_0_S00_AXI_inst/slv_reg61[31]_i_1_n_0     | ed_keygen_trial_v1_0_S00_AXI_inst/state_r[2]_i_1_n_0 |                3 |              8 |
|  s00_axi_aclk_IBUF_BUFG                                      | ed_keygen_trial_v1_0_S00_AXI_inst/slv_reg61[7]_i_1_n_0      | ed_keygen_trial_v1_0_S00_AXI_inst/state_r[2]_i_1_n_0 |                4 |              8 |
|  s00_axi_aclk_IBUF_BUFG                                      | ed_keygen_trial_v1_0_S00_AXI_inst/slv_reg62[15]_i_1_n_0     | ed_keygen_trial_v1_0_S00_AXI_inst/state_r[2]_i_1_n_0 |                5 |              8 |
|  s00_axi_aclk_IBUF_BUFG                                      | ed_keygen_trial_v1_0_S00_AXI_inst/slv_reg62[23]_i_1_n_0     | ed_keygen_trial_v1_0_S00_AXI_inst/state_r[2]_i_1_n_0 |                4 |              8 |
|  s00_axi_aclk_IBUF_BUFG                                      | ed_keygen_trial_v1_0_S00_AXI_inst/slv_reg62[31]_i_1_n_0     | ed_keygen_trial_v1_0_S00_AXI_inst/state_r[2]_i_1_n_0 |                3 |              8 |
|  s00_axi_aclk_IBUF_BUFG                                      | ed_keygen_trial_v1_0_S00_AXI_inst/slv_reg62[7]_i_1_n_0      | ed_keygen_trial_v1_0_S00_AXI_inst/state_r[2]_i_1_n_0 |                4 |              8 |
|  core_clk_IBUF_BUFG                                          |                                                             |                                                      |                3 |              9 |
|  core_clk_IBUF_BUFG                                          | Core1/AU/TIMER_EN                                           | Core1/ClockCounter/TIMER_RST                         |                3 |             12 |
|  s00_axi_aclk_IBUF_BUFG                                      | ed_keygen_trial_v1_0_S00_AXI_inst/axi_awready_i_1_n_0       | ed_keygen_trial_v1_0_S00_AXI_inst/state_r[2]_i_1_n_0 |                4 |             12 |
|  s00_axi_aclk_IBUF_BUFG                                      | ed_keygen_trial_v1_0_S00_AXI_inst/axi_arready_i_1_n_0       | ed_keygen_trial_v1_0_S00_AXI_inst/state_r[2]_i_1_n_0 |                4 |             13 |
|  core_clk_IBUF_BUFG                                          |                                                             | Core1/AU/FlagRegister/T_RST                          |                6 |             16 |
|  s00_axi_aclk_IBUF_BUFG                                      | ed_keygen_trial_v1_0_S00_AXI_inst/slv_reg_rden              | ed_keygen_trial_v1_0_S00_AXI_inst/state_r[2]_i_1_n_0 |                9 |             32 |
|  core_clk_IBUF_BUFG                                          | ed_keygen_trial_v1_0_S00_AXI_inst/P_r[33]_i_1_n_0           | ed_keygen_trial_v1_0_S00_AXI_inst/state_r[2]_i_1_n_0 |               25 |             34 |
|  core_clk_IBUF_BUFG                                          | ed_keygen_trial_v1_0_S00_AXI_inst/result[101]_i_1_n_0       | ed_keygen_trial_v1_0_S00_AXI_inst/state_r[2]_i_1_n_0 |               12 |             34 |
|  core_clk_IBUF_BUFG                                          | ed_keygen_trial_v1_0_S00_AXI_inst/result[135]_i_1_n_0       | ed_keygen_trial_v1_0_S00_AXI_inst/state_r[2]_i_1_n_0 |               10 |             34 |
|  core_clk_IBUF_BUFG                                          | ed_keygen_trial_v1_0_S00_AXI_inst/result[169]_i_1_n_0       | ed_keygen_trial_v1_0_S00_AXI_inst/state_r[2]_i_1_n_0 |               11 |             34 |
|  core_clk_IBUF_BUFG                                          | ed_keygen_trial_v1_0_S00_AXI_inst/result[203]_i_1_n_0       | ed_keygen_trial_v1_0_S00_AXI_inst/state_r[2]_i_1_n_0 |               12 |             34 |
|  core_clk_IBUF_BUFG                                          | ed_keygen_trial_v1_0_S00_AXI_inst/result[237]_i_1_n_0       | ed_keygen_trial_v1_0_S00_AXI_inst/state_r[2]_i_1_n_0 |               12 |             34 |
|  core_clk_IBUF_BUFG                                          | ed_keygen_trial_v1_0_S00_AXI_inst/result[33]_i_1_n_0        | ed_keygen_trial_v1_0_S00_AXI_inst/state_r[2]_i_1_n_0 |               15 |             34 |
|  core_clk_IBUF_BUFG                                          | ed_keygen_trial_v1_0_S00_AXI_inst/result[67]_i_1_n_0        | ed_keygen_trial_v1_0_S00_AXI_inst/state_r[2]_i_1_n_0 |                9 |             34 |
|  core_clk_IBUF_BUFG                                          |                                                             | ed_keygen_trial_v1_0_S00_AXI_inst/state_r[2]_i_1_n_0 |               15 |             37 |
|  core_clk_IBUF_BUFG                                          | Core1/ClockCounter/E[0]                                     | ed_keygen_trial_v1_0_S00_AXI_inst/Q[1]               |               24 |             45 |
|  core_clk_IBUF_BUFG                                          | Core1/AU/Multiplication/Store/STATE[254]_i_1_n_0            | Core1/AU/Multiplication/RESET_REGISTER__0            |               82 |            255 |
|  core_clk_IBUF_BUFG                                          | Core1/AU/E[0]                                               | Core1/out[0]                                         |               44 |            255 |
|  core_clk_IBUF_BUFG                                          | ed_keygen_trial_v1_0_S00_AXI_inst/K_r[254]_i_1_n_0          | ed_keygen_trial_v1_0_S00_AXI_inst/state_r[2]_i_1_n_0 |               44 |            255 |
|  core_clk_IBUF_BUFG                                          | ed_keygen_trial_v1_0_S00_AXI_inst/Kc_r[254]_i_1_n_0         | ed_keygen_trial_v1_0_S00_AXI_inst/state_r[2]_i_1_n_0 |               82 |            255 |
|  core_clk_IBUF_BUFG                                          | ed_keygen_trial_v1_0_S00_AXI_inst/Pc_r[255]_i_1_n_0         | ed_keygen_trial_v1_0_S00_AXI_inst/state_r[2]_i_1_n_0 |               80 |            256 |
|  core_clk_IBUF_BUFG                                          | Core1/AU/Multiplication/Acc/Reduction/E[0]                  | Core1/AU/Multiplication/Acc/Reduction/SR[0]          |              101 |            510 |
|  core_clk_IBUF_BUFG                                          | Core1/AU/Multiplication/Rotate/STATE_B                      | Core1/AU/Multiplication/RESET_ROTATE__0              |              183 |            510 |
|  core_clk_IBUF_BUFG                                          | Core1/AU/Multiplication/ENABLE_LOAD__0                      | Core1/AU/Multiplication/Load/RESET_LOAD              |              180 |            544 |
|  core_clk_IBUF_BUFG                                          | Core1/AU/Multiplication/ENABLE_REGISTER__0                  | Core1/AU/Multiplication/RESET_REGISTER__0            |              165 |            640 |
+--------------------------------------------------------------+-------------------------------------------------------------+------------------------------------------------------+------------------+----------------+


