#-----------------------------------------------------------
# Vivado v2016.2 (64-bit)
# SW Build 1577090 on Thu Jun  2 16:32:40 MDT 2016
# IP Build 1577682 on Fri Jun  3 12:00:54 MDT 2016
# Start of session at: Fri Jul 01 22:55:54 2016
# Process ID: 14144
# Current directory: F:/Xilinx/Projects/ip_repo/chacha_customip_trial_1.0/chacha_customip_trial_v1_0_project
# Command line: vivado.exe -gui_launcher_event rodinguilauncherevent22504 F:\Xilinx\Projects\ip_repo\chacha_customip_trial_1.0\chacha_customip_trial_v1_0_project\chacha_customip_trial_v1_0_project.xpr
# Log file: F:/Xilinx/Projects/ip_repo/chacha_customip_trial_1.0/chacha_customip_trial_v1_0_project/vivado.log
# Journal file: F:/Xilinx/Projects/ip_repo/chacha_customip_trial_1.0/chacha_customip_trial_v1_0_project\vivado.jou
#-----------------------------------------------------------
start_gui
open_project F:/Xilinx/Projects/ip_repo/chacha_customip_trial_1.0/chacha_customip_trial_v1_0_project/chacha_customip_trial_v1_0_project.xpr
INFO: [ProjectBase 1-489] The host OS only allows 260 characters in a normal path. The project is stored in a path with more than 80 characters. If you experience issues with IP, Block Designs, or files not being found, please consider moving the project to a location with a shorter path. Alternately consider using the OS subst command to map part of the path to a drive letter.
Current project path is 'F:/Xilinx/Projects/ip_repo/chacha_customip_trial_1.0/chacha_customip_trial_v1_0_project'
Scanning sources...
Finished scanning sources
INFO: [IP_Flow 19-234] Refreshing IP repositories
INFO: [IP_Flow 19-1700] Loaded user IP repository 'f:/Xilinx/Projects/ip_repo/chacha_customip_trial_1.0'.
WARNING: [IP_Flow 19-3656] If you move the project, the path for repository 'f:/Xilinx/Projects/ip_repo/chacha_customip_trial_1.0' may become invalid. A better location for the repostory would be in a path adjacent to the project. (Current project location is 'f:/Xilinx/Projects/ip_repo/chacha_customip_trial_1.0/chacha_customip_trial_v1_0_project'.)
INFO: [IP_Flow 19-2313] Loaded Vivado IP repository 'F:/Xilinx/Vivado/2016.2/data/ip'.
open_project: Time (s): cpu = 00:00:14 ; elapsed = 00:00:11 . Memory (MB): peak = 789.168 ; gain = 132.113
update_compile_order -fileset sources_1
exit
INFO: [Common 17-206] Exiting Vivado at Sat Jul 02 01:27:37 2016...
